#
# There is insufficient memory for the Java Runtime Environment to continue.
# Native memory allocation (mmap) failed to map 65536 bytes. Error detail: Failed to commit metaspace.
# Possible reasons:
#   The system is out of physical RAM or swap space
#   This process is running with CompressedOops enabled, and the Java Heap may be blocking the growth of the native heap
# Possible solutions:
#   Reduce memory load on the system
#   Increase physical memory or swap space
#   Check if swap backing store is full
#   Decrease Java heap size (-Xmx/-Xms)
#   Decrease number of Java threads
#   Decrease Java thread stack sizes (-Xss)
#   Set larger code cache with -XX:ReservedCodeCacheSize=
#   JVM is running with Unscaled Compressed Oops mode in which the Java heap is
#     placed in the first 4GB address space. The Java Heap base address is the
#     maximum limit for the native heap growth. Please use -XX:HeapBaseMinAddress
#     to set the Java Heap base and to place the Java Heap above 4GB virtual address.
# This output file may be truncated or incomplete.
#
#  Out of Memory Error (virtualSpaceNode.cpp:110), pid=2128, tid=14132
#
# JRE version: OpenJDK Runtime Environment Microsoft-9889599 (17.0.12+7) (build 17.0.12+7-LTS)
# Java VM: OpenJDK 64-Bit Server VM Microsoft-9889599 (17.0.12+7-LTS, mixed mode, sharing, tiered, compressed oops, compressed class ptrs, g1 gc, windows-amd64)
# No core dump will be written. Minidumps are not enabled by default on client versions of Windows
#

---------------  S U M M A R Y ------------

Command Line: -Xmx64m -Xms64m -Dorg.gradle.appname=gradlew org.gradle.wrapper.GradleWrapperMain app:installDebug -PreactNativeDevServerPort=8081

Host: Intel(R) Core(TM) i7-10750H CPU @ 2.60GHz, 12 cores, 15G,  Windows 11 , 64 bit Build 22621 (10.0.22621.3958)
Time: Sun Oct 20 15:20:40 2024 Egypt Daylight Time elapsed time: 1.605757 seconds (0d 0h 0m 1s)

---------------  T H R E A D  ---------------

Current thread (0x0000023c10f8a1f0):  JavaThread "main" [_thread_in_vm, id=14132, stack(0x0000009462300000,0x0000009462400000)]

Stack: [0x0000009462300000,0x0000009462400000]
Native frames: (J=compiled Java code, j=interpreted, Vv=VM code, C=native code)
V  [jvm.dll+0x686d99]
V  [jvm.dll+0x83daf8]
V  [jvm.dll+0x83f5a3]
V  [jvm.dll+0x83fc13]
V  [jvm.dll+0x2492ef]
V  [jvm.dll+0x8398ad]
V  [jvm.dll+0x62b25e]
V  [jvm.dll+0x1c16d0]
V  [jvm.dll+0x62db80]
V  [jvm.dll+0x62bc06]
V  [jvm.dll+0x635c47]
V  [jvm.dll+0x1eb3fd]
V  [jvm.dll+0x1eb905]
V  [jvm.dll+0x1ec2a9]
V  [jvm.dll+0x1e1961]
V  [jvm.dll+0x54adc4]
V  [jvm.dll+0x7b7998]
V  [jvm.dll+0x7b7a84]
V  [jvm.dll+0x41766f]
V  [jvm.dll+0x41e189]
C  [java.dll+0x17ec]

Java frames: (J=compiled Java code, j=interpreted, Vv=VM code)
J 825  java.lang.ClassLoader.defineClass1(Ljava/lang/ClassLoader;Ljava/lang/String;[BIILjava/security/ProtectionDomain;Ljava/lang/String;)Ljava/lang/Class; java.base@17.0.12 (0 bytes) @ 0x0000023c205dc963 [0x0000023c205dc8a0+0x00000000000000c3]
J 939 c1 java.lang.ClassLoader.defineClass(Ljava/lang/String;[BIILjava/security/ProtectionDomain;)Ljava/lang/Class; java.base@17.0.12 (43 bytes) @ 0x0000023c18c71454 [0x0000023c18c71100+0x0000000000000354]
J 931 c1 java.security.SecureClassLoader.defineClass(Ljava/lang/String;[BIILjava/security/CodeSource;)Ljava/lang/Class; java.base@17.0.12 (16 bytes) @ 0x0000023c18c7008c [0x0000023c18c6ffc0+0x00000000000000cc]
J 898 c1 java.net.URLClassLoader.defineClass(Ljava/lang/String;Ljdk/internal/loader/Resource;)Ljava/lang/Class; java.base@17.0.12 (224 bytes) @ 0x0000023c18c5d0c4 [0x0000023c18c5b640+0x0000000000001a84]
J 797 c1 java.net.URLClassLoader$1.run()Ljava/lang/Class; java.base@17.0.12 (81 bytes) @ 0x0000023c18c1d294 [0x0000023c18c1c620+0x0000000000000c74]
J 796 c1 java.net.URLClassLoader$1.run()Ljava/lang/Object; java.base@17.0.12 (5 bytes) @ 0x0000023c18c1c144 [0x0000023c18c1c0c0+0x0000000000000084]
J 640 c1 java.security.AccessController.doPrivileged(Ljava/security/PrivilegedExceptionAction;Ljava/security/AccessControlContext;)Ljava/lang/Object; java.base@17.0.12 (26 bytes) @ 0x0000023c18bd1efc [0x0000023c18bd1d20+0x00000000000001dc]
J 732 c1 java.net.URLClassLoader.findClass(Ljava/lang/String;)Ljava/lang/Class; java.base@17.0.12 (47 bytes) @ 0x0000023c18bff81c [0x0000023c18bff680+0x000000000000019c]
J 660 c1 java.lang.ClassLoader.loadClass(Ljava/lang/String;Z)Ljava/lang/Class; java.base@17.0.12 (121 bytes) @ 0x0000023c18bdb7f4 [0x0000023c18bdb240+0x00000000000005b4]
J 649 c1 java.lang.ClassLoader.loadClass(Ljava/lang/String;)Ljava/lang/Class; java.base@17.0.12 (7 bytes) @ 0x0000023c18bd3ecc [0x0000023c18bd3dc0+0x000000000000010c]
v  ~StubRoutines::call_stub
j  org.gradle.process.internal.DefaultExecActionFactory.of(Lorg/gradle/api/internal/file/FileResolver;Lorg/gradle/api/internal/file/FileCollectionFactory;Lorg/gradle/internal/concurrent/ExecutorFactory;Lorg/gradle/api/internal/file/temp/TemporaryFileProvider;)Lorg/gradle/process/internal/DefaultExecActionFactory;+2
j  org.gradle.internal.service.scopes.BasicGlobalScopeServices.createExecFactory(Lorg/gradle/api/internal/file/FileResolver;Lorg/gradle/api/internal/file/FileCollectionFactory;Lorg/gradle/internal/concurrent/ExecutorFactory;Lorg/gradle/api/internal/file/temp/TemporaryFileProvider;)Lorg/gradle/process/internal/ExecFactory;+5
v  ~StubRoutines::call_stub
j  jdk.internal.reflect.NativeMethodAccessorImpl.invoke0(Ljava/lang/reflect/Method;Ljava/lang/Object;[Ljava/lang/Object;)Ljava/lang/Object;+0 java.base@17.0.12
j  jdk.internal.reflect.NativeMethodAccessorImpl.invoke(Ljava/lang/Object;[Ljava/lang/Object;)Ljava/lang/Object;+133 java.base@17.0.12
j  jdk.internal.reflect.DelegatingMethodAccessorImpl.invoke(Ljava/lang/Object;[Ljava/lang/Object;)Ljava/lang/Object;+6 java.base@17.0.12
j  java.lang.reflect.Method.invoke(Ljava/lang/Object;[Ljava/lang/Object;)Ljava/lang/Object;+59 java.base@17.0.12
j  org.gradle.internal.reflect.JavaMethod.invoke(Ljava/lang/Object;[Ljava/lang/Object;)Ljava/lang/Object;+6
j  org.gradle.internal.service.ReflectionBasedServiceMethod.invoke(Ljava/lang/Object;[Ljava/lang/Object;)Ljava/lang/Object;+6
j  org.gradle.internal.service.DefaultServiceRegistry$FactoryMethodService.invokeMethod([Ljava/lang/Object;)Ljava/lang/Object;+9
j  org.gradle.internal.service.DefaultServiceRegistry$FactoryService.createServiceInstance()Ljava/lang/Object;+7
j  org.gradle.internal.service.DefaultServiceRegistry$ManagedObjectServiceProvider.getInstance()Ljava/lang/Object;+24
j  org.gradle.internal.service.DefaultServiceRegistry$SingletonService.get()Ljava/lang/Object;+1
j  org.gradle.internal.service.DefaultServiceRegistry$FactoryService.assembleParameters()[Ljava/lang/Object;+44
j  org.gradle.internal.service.DefaultServiceRegistry$FactoryService.createServiceInstance()Ljava/lang/Object;+1
j  org.gradle.internal.service.DefaultServiceRegistry$ManagedObjectServiceProvider.getInstance()Ljava/lang/Object;+24
j  org.gradle.internal.service.DefaultServiceRegistry$SingletonService.get()Ljava/lang/Object;+1
j  org.gradle.internal.service.DefaultServiceRegistry$FactoryService.assembleParameters()[Ljava/lang/Object;+44
j  org.gradle.internal.service.DefaultServiceRegistry$FactoryService.createServiceInstance()Ljava/lang/Object;+1
j  org.gradle.internal.service.DefaultServiceRegistry$ManagedObjectServiceProvider.getInstance()Ljava/lang/Object;+24
j  org.gradle.internal.service.DefaultServiceRegistry$SingletonService.get()Ljava/lang/Object;+1
j  org.gradle.internal.service.DefaultServiceRegistry.find(Ljava/lang/reflect/Type;)Ljava/lang/Object;+22
j  org.gradle.internal.service.DefaultServiceRegistry.get(Ljava/lang/reflect/Type;)Ljava/lang/Object;+2
j  org.gradle.internal.service.DefaultServiceRegistry.get(Ljava/lang/Class;)Ljava/lang/Object;+3
j  org.gradle.launcher.cli.BuildActionsFactory.<init>(Lorg/gradle/internal/service/ServiceRegistry;)V+96
j  org.gradle.launcher.cli.DefaultCommandLineActionFactory.createBuildActionFactoryActionCreator(Lorg/gradle/internal/service/ServiceRegistry;Ljava/util/List;)V+6
j  org.gradle.launcher.cli.DefaultCommandLineActionFactory$ParseAndBuildAction.execute(Lorg/gradle/launcher/bootstrap/ExecutionListener;)V+12
j  org.gradle.launcher.cli.DefaultCommandLineActionFactory$ParseAndBuildAction.execute(Ljava/lang/Object;)V+5
j  org.gradle.launcher.cli.DebugLoggerWarningAction.execute(Lorg/gradle/launcher/bootstrap/ExecutionListener;)V+9
j  org.gradle.launcher.cli.DebugLoggerWarningAction.execute(Ljava/lang/Object;)V+5
j  org.gradle.launcher.cli.WelcomeMessageAction.execute(Lorg/gradle/launcher/bootstrap/ExecutionListener;)V+218
j  org.gradle.launcher.cli.WelcomeMessageAction.execute(Ljava/lang/Object;)V+5
j  org.gradle.launcher.cli.NativeServicesInitializingAction.execute(Lorg/gradle/launcher/bootstrap/ExecutionListener;)V+38
j  org.gradle.launcher.cli.NativeServicesInitializingAction.execute(Ljava/lang/Object;)V+5
j  org.gradle.launcher.cli.ExceptionReportingAction.execute(Lorg/gradle/launcher/bootstrap/ExecutionListener;)V+5
j  org.gradle.launcher.cli.ExceptionReportingAction.execute(Ljava/lang/Object;)V+5
j  org.gradle.launcher.cli.DefaultCommandLineActionFactory$WithLogging.execute(Lorg/gradle/launcher/bootstrap/ExecutionListener;)V+325
j  org.gradle.launcher.Main.doAction([Ljava/lang/String;Lorg/gradle/launcher/bootstrap/ExecutionListener;)V+14
j  org.gradle.launcher.bootstrap.EntryPoint.run([Ljava/lang/String;)V+12
v  ~StubRoutines::call_stub
j  jdk.internal.reflect.NativeMethodAccessorImpl.invoke0(Ljava/lang/reflect/Method;Ljava/lang/Object;[Ljava/lang/Object;)Ljava/lang/Object;+0 java.base@17.0.12
j  jdk.internal.reflect.NativeMethodAccessorImpl.invoke(Ljava/lang/Object;[Ljava/lang/Object;)Ljava/lang/Object;+133 java.base@17.0.12
j  jdk.internal.reflect.DelegatingMethodAccessorImpl.invoke(Ljava/lang/Object;[Ljava/lang/Object;)Ljava/lang/Object;+6 java.base@17.0.12
j  java.lang.reflect.Method.invoke(Ljava/lang/Object;[Ljava/lang/Object;)Ljava/lang/Object;+59 java.base@17.0.12
j  org.gradle.launcher.bootstrap.ProcessBootstrap.runNoExit(Ljava/lang/String;[Ljava/lang/String;)V+155
j  org.gradle.launcher.bootstrap.ProcessBootstrap.run(Ljava/lang/String;[Ljava/lang/String;)V+2
v  ~StubRoutines::call_stub
j  jdk.internal.reflect.NativeMethodAccessorImpl.invoke0(Ljava/lang/reflect/Method;Ljava/lang/Object;[Ljava/lang/Object;)Ljava/lang/Object;+0 java.base@17.0.12
j  jdk.internal.reflect.NativeMethodAccessorImpl.invoke(Ljava/lang/Object;[Ljava/lang/Object;)Ljava/lang/Object;+133 java.base@17.0.12
j  jdk.internal.reflect.DelegatingMethodAccessorImpl.invoke(Ljava/lang/Object;[Ljava/lang/Object;)Ljava/lang/Object;+6 java.base@17.0.12
j  java.lang.reflect.Method.invoke(Ljava/lang/Object;[Ljava/lang/Object;)Ljava/lang/Object;+59 java.base@17.0.12
j  org.gradle.launcher.GradleMain.main([Ljava/lang/String;)V+100
v  ~StubRoutines::call_stub
j  jdk.internal.reflect.NativeMethodAccessorImpl.invoke0(Ljava/lang/reflect/Method;Ljava/lang/Object;[Ljava/lang/Object;)Ljava/lang/Object;+0 java.base@17.0.12
j  jdk.internal.reflect.NativeMethodAccessorImpl.invoke(Ljava/lang/Object;[Ljava/lang/Object;)Ljava/lang/Object;+133 java.base@17.0.12
j  jdk.internal.reflect.DelegatingMethodAccessorImpl.invoke(Ljava/lang/Object;[Ljava/lang/Object;)Ljava/lang/Object;+6 java.base@17.0.12
j  java.lang.reflect.Method.invoke(Ljava/lang/Object;[Ljava/lang/Object;)Ljava/lang/Object;+59 java.base@17.0.12
j  org.gradle.wrapper.GradleWrapperMain.main([Ljava/lang/String;)V+1823
v  ~StubRoutines::call_stub

Compiled method (n/a)    1633  825     n 0       java.lang.ClassLoader::defineClass1 (native)
 total in heap  [0x0000023c205dc710,0x0000023c205dcbf0] = 1248
 relocation     [0x0000023c205dc868,0x0000023c205dc8a0] = 56
 main code      [0x0000023c205dc8a0,0x0000023c205dcbf0] = 848

[Constant Pool (empty)]

[MachCode]
[Entry Point]
  # {method} {0x0000023c2b010f28} 'defineClass1' '(Ljava/lang/ClassLoader;Ljava/lang/String;[BIILjava/security/ProtectionDomain;Ljava/lang/String;)Ljava/lang/Class;' in 'java/lang/ClassLoader'
  # parm0:    rdx:rdx   = 'java/lang/ClassLoader'
  # parm1:    r8:r8     = 'java/lang/String'
  # parm2:    r9:r9     = '[B'
  # parm3:    rdi       = int
  # parm4:    rsi       = int
  # parm5:    rcx:rcx   = 'java/security/ProtectionDomain'
  # parm6:    [sp+0xa0]   = 'java/lang/String'  (sp of caller)
  0x0000023c205dc8a0: 448b 5208 | 49bb 0000 | 002b 3c02 | 0000 4d03 | d349 3bc2 | 0f84 0600 

  0x0000023c205dc8b8: ;   {runtime_call ic_miss_stub}
  0x0000023c205dc8b8: 0000 e9c1 | 47a5 ff90 
[Verified Entry Point]
  0x0000023c205dc8c0: 8984 2400 | 90ff ff55 | 488b ec48 | 81ec 9000 | 0000 4881 | 7d10 0000 | 0000 488d | 4510 480f 
  0x0000023c205dc8e0: 4445 1048 | 8944 2440 | 4889 4c24 | 7048 83f9 | 0048 8d44 | 2470 480f | 4444 2470 | 4889 4424 
  0x0000023c205dc900: 3848 8974 | 2430 4889 | 7c24 284c | 894c 2458 | 4983 f900 | 488d 4424 | 5848 0f44 | 4424 5848 
  0x0000023c205dc920: 8944 2420 | 4c89 4424 | 5049 83f8 | 004c 8d4c | 2450 4c0f | 444c 2450 | 4889 5424 | 4848 83fa 
  0x0000023c205dc940: 004c 8d44 | 2448 4c0f | 4444 2448 

  0x0000023c205dc94c: ;   {oop(a 'java/lang/Class'{0x00000000fe800450} = 'java/lang/ClassLoader')}
  0x0000023c205dc94c: 49be 5004 | 80fe 0000 | 0000 4c89 | 7424 784c | 8d74 2478 | 498b d6c5 

  0x0000023c205dc964: ;   {internal_word}
  0x0000023c205dc964: f877 49ba | 63c9 5d20 | 3c02 0000 | 4d89 97a0 | 0200 0049 | 89a7 9802 

  0x0000023c205dc97c: ;   {external_word}
  0x0000023c205dc97c: 0000 49ba | 1717 41ae | fe7f 0000 | 4180 3a00 | 0f84 5200 | 0000 5241 

  0x0000023c205dc994: ;   {metadata({method} {0x0000023c2b010f28} 'defineClass1' '(Ljava/lang/ClassLoader;Ljava/lang/String;[BIILjava/security/ProtectionDomain;Ljava/lang/String;)Ljava/lang/Class;' in 'java/lang/ClassLoader')}
  0x0000023c205dc994: 5041 5148 | ba20 0f01 | 2b3c 0200 | 0049 8bcf | 4883 ec20 | f7c4 0f00 | 0000 0f84 | 1a00 0000 
  0x0000023c205dc9b4: 4883 ec08 

  0x0000023c205dc9b8: ;   {runtime_call}
  0x0000023c205dc9b8: 49ba 40d0 | f6ad fe7f | 0000 41ff | d248 83c4 | 08e9 0d00 

  0x0000023c205dc9cc: ;   {runtime_call}
  0x0000023c205dc9cc: 0000 49ba | 40d0 f6ad | fe7f 0000 | 41ff d248 | 83c4 2041 | 5941 585a | 498d 8fb8 | 0200 0041 
  0x0000023c205dc9ec: c787 4803 | 0000 0400 

  0x0000023c205dc9f4: ;   {runtime_call}
  0x0000023c205dc9f4: 0000 49ba | ac16 e72e | ff7f 0000 | 41ff d2c5 | f877 41c7 | 8748 0300 | 0005 0000 | 00f0 8344 
  0x0000023c205dca14: 24c0 0049 | 3baf 5003 | 0000 0f87 | 1100 0000 | 4181 bf38 | 0300 0000 | 0000 000f | 842c 0000 
  0x0000023c205dca34: 00c5 f877 | 4889 45f8 | 498b cf4c | 8be4 4883 | ec20 4883 

  0x0000023c205dca48: ;   {runtime_call}
  0x0000023c205dca48: e4f0 49ba | 30dd 06ae | fe7f 0000 | 41ff d249 | 8be4 4d33 | e448 8b45 | f841 c787 | 4803 0000 
  0x0000023c205dca68: 0800 0000 | 4181 bfb8 | 0300 0002 | 0000 000f | 843f 0100 

  0x0000023c205dca7c: ;   {external_word}
  0x0000023c205dca7c: 0049 ba17 | 1741 aefe | 7f00 0041 | 803a 000f | 8450 0000 | 0048 8945 

  0x0000023c205dca94: ;   {metadata({method} {0x0000023c2b010f28} 'defineClass1' '(Ljava/lang/ClassLoader;Ljava/lang/String;[BIILjava/security/ProtectionDomain;Ljava/lang/String;)Ljava/lang/Class;' in 'java/lang/ClassLoader')}
  0x0000023c205dca94: f848 ba20 | 0f01 2b3c | 0200 0049 | 8bcf 4883 | ec20 f7c4 | 0f00 0000 | 0f84 1a00 | 0000 4883 
  0x0000023c205dcab4: ;   {runtime_call}
  0x0000023c205dcab4: ec08 49ba | 40d0 f6ad | fe7f 0000 | 41ff d248 | 83c4 08e9 | 0d00 0000 

  0x0000023c205dcacc: ;   {runtime_call}
  0x0000023c205dcacc: 49ba 40d0 | f6ad fe7f | 0000 41ff | d248 83c4 | 2048 8b45 | f849 c787 | 9802 0000 | 0000 0000 
  0x0000023c205dcaec: 49c7 87a0 | 0200 0000 | 0000 00c5 | f877 4885 | c00f 8493 | 0000 0048 | f7c0 0100 | 0000 0f84 
  0x0000023c205dcb0c: 8300 0000 | 488b 40ff | 4180 7f38 | 000f 846f | 0000 0048 | 83f8 000f | 8465 0000 | 0049 8b4f 
  0x0000023c205dcb2c: 2048 83f9 | 000f 8414 | 0000 0048 | 83e9 0849 | 894f 2049 | 034f 3048 | 8901 e943 | 0000 0050 
  0x0000023c205dcb4c: 498b d748 | 8bc8 4883 | ec20 f7c4 | 0f00 0000 | 0f84 1a00 | 0000 4883 

  0x0000023c205dcb64: ;   {runtime_call}
  0x0000023c205dcb64: ec08 49ba | d082 b5ad | fe7f 0000 | 41ff d248 | 83c4 08e9 | 0d00 0000 

  0x0000023c205dcb7c: ;   {runtime_call}
  0x0000023c205dcb7c: 49ba d082 | b5ad fe7f | 0000 41ff | d248 83c4 | 2058 e903 | 0000 0048 | 8b00 498b | 8fd8 0000 
  0x0000023c205dcb9c: 00c7 8100 | 0100 0000 | 0000 00c9 | 4981 7f08 | 0000 0000 | 0f85 0100 

  0x0000023c205dcbb4: ;   {runtime_call StubRoutines (1)}
  0x0000023c205dcbb4: 0000 c3e9 | 4443 a0ff | c5f8 7748 | 8945 f84c | 8be4 4883 | ec20 4883 

  0x0000023c205dcbcc: ;   {runtime_call}
  0x0000023c205dcbcc: e4f0 49ba | 5001 f7ad | fe7f 0000 | 41ff d249 | 8be4 4d33 | e448 8b45 | f8e9 93fe | ffff f4f4 
  0x0000023c205dcbec: f4f4 f4f4 
[/MachCode]


Compiled method (c1)    1649  939       3       java.lang.ClassLoader::defineClass (43 bytes)
 total in heap  [0x0000023c18c70f10,0x0000023c18c71848] = 2360
 relocation     [0x0000023c18c71068,0x0000023c18c710f8] = 144
 main code      [0x0000023c18c71100,0x0000023c18c715a0] = 1184
 stub code      [0x0000023c18c715a0,0x0000023c18c71618] = 120
 metadata       [0x0000023c18c71618,0x0000023c18c71648] = 48
 scopes data    [0x0000023c18c71648,0x0000023c18c71738] = 240
 scopes pcs     [0x0000023c18c71738,0x0000023c18c71818] = 224
 dependencies   [0x0000023c18c71818,0x0000023c18c71820] = 8
 nul chk table  [0x0000023c18c71820,0x0000023c18c71848] = 40

[Constant Pool (empty)]

[MachCode]
[Entry Point]
  # {method} {0x0000023c2b010cc0} 'defineClass' '(Ljava/lang/String;[BIILjava/security/ProtectionDomain;)Ljava/lang/Class;' in 'java/lang/ClassLoader'
  # this:     rdx:rdx   = 'java/lang/ClassLoader'
  # parm0:    r8:r8     = 'java/lang/String'
  # parm1:    r9:r9     = '[B'
  # parm2:    rdi       = int
  # parm3:    rsi       = int
  # parm4:    rcx:rcx   = 'java/security/ProtectionDomain'
  #           [sp+0xc0]  (sp of caller)
  0x0000023c18c71100: 448b 5208 | 49bb 0000 | 002b 3c02 | 0000 4d03 | d34c 3bd0 

  0x0000023c18c71114: ;   {runtime_call ic_miss_stub}
  0x0000023c18c71114: 0f85 66ff | 3b07 660f | 1f44 0000 
[Verified Entry Point]
  0x0000023c18c71120: 8984 2400 | 90ff ff55 | 4881 ecb0 | 0000 0048 | 8954 2478 

  0x0000023c18c71134: ;   {metadata(method data for {method} {0x0000023c2b010cc0} 'defineClass' '(Ljava/lang/String;[BIILjava/security/ProtectionDomain;)Ljava/lang/Class;' in 'java/lang/ClassLoader')}
  0x0000023c18c71134: 48bb d0a3 | 1e6c 3c02 | 0000 8b83 | cc00 0000 | 83c0 0289 | 83cc 0000 | 0081 e0fe | 0700 0083 
  0x0000023c18c71154: f800 0f84 | 4e03 0000 | 89b4 2494 | 0000 0089 | bc24 9000 | 0000 4c89 | 8c24 8800 | 0000 488b 
  0x0000023c18c71174: ;   {metadata(method data for {method} {0x0000023c2b010cc0} 'defineClass' '(Ljava/lang/String;[BIILjava/security/ProtectionDomain;)Ljava/lang/Class;' in 'java/lang/ClassLoader')}
  0x0000023c18c71174: da48 b8d0 | a31e 6c3c | 0200 0048 | 8380 1001 | 0000 0149 | 8bd8 4c8b | c34c 8bc9 | 488b ca48 
  0x0000023c18c71194: 8bd1 4889 | 9c24 8000 

  0x0000023c18c7119c: ;   {optimized virtual_call}
  0x0000023c18c7119c: 0000 90e8 

  0x0000023c18c711a0: ; ImmutableOopMap {[120]=Oop [136]=Oop [128]=Oop }
                      ;*invokevirtual preDefineClass {reexecute=0 rethrow=0 return_oop=0}
                      ; - java.lang.ClassLoader::defineClass@4 (line 1015)
  0x0000023c18c711a0: 7c0a 0000 | 4889 8424 | 9800 0000 | 488b 5424 

  0x0000023c18c711b0: ;   {metadata(method data for {method} {0x0000023c2b010cc0} 'defineClass' '(Ljava/lang/String;[BIILjava/security/ProtectionDomain;)Ljava/lang/Class;' in 'java/lang/ClassLoader')}
  0x0000023c18c711b0: 7849 b8d0 | a31e 6c3c | 0200 0049 | 8380 4801 

  0x0000023c18c711c0: ;   {metadata(method data for {method} {0x0000023c2b010ed0} 'defineClassSourceLocation' '(Ljava/security/ProtectionDomain;)Ljava/lang/String;' in 'java/lang/ClassLoader')}
  0x0000023c18c711c0: 0000 0149 | b868 af1e | 6c3c 0200 | 0041 8b90 | cc00 0000 | 83c2 0241 | 8990 cc00 | 0000 81e2 
  0x0000023c18c711e0: feff 1f00 | 83fa 000f | 84de 0200 | 0048 3b00 

  0x0000023c18c711f0: ;   {metadata(method data for {method} {0x0000023c2b010ed0} 'defineClassSourceLocation' '(Ljava/security/ProtectionDomain;)Ljava/lang/String;' in 'java/lang/ClassLoader')}
  0x0000023c18c711f0: 4c8b c048 | ba68 af1e | 6c3c 0200 | 0048 8382 | 1001 0000 | 0144 8b40 | 1049 83f8 

  0x0000023c18c7120c: ;   {metadata(method data for {method} {0x0000023c2b010ed0} 'defineClassSourceLocation' '(Ljava/security/ProtectionDomain;)Ljava/lang/String;' in 'java/lang/ClassLoader')}
  0x0000023c18c7120c: 0048 ba68 | af1e 6c3c | 0200 0048 | be58 0100 | 0000 0000 | 000f 850a | 0000 0048 | be48 0100 
  0x0000023c18c7122c: 0000 0000 | 0048 8b3c | 3248 8d7f | 0148 893c | 320f 850f 

  0x0000023c18c71240: ;   {oop(NULL)}
  0x0000023c18c71240: 0000 0048 | bb00 0000 | 0000 0000 | 00e9 ad01 | 0000 493b | 0049 8bd0 

  0x0000023c18c71258: ;   {metadata(method data for {method} {0x0000023c2b010ed0} 'defineClassSourceLocation' '(Ljava/security/ProtectionDomain;)Ljava/lang/String;' in 'java/lang/ClassLoader')}
  0x0000023c18c71258: 48be 68af | 1e6c 3c02 | 0000 4883 | 8668 0100 | 0001 418b | 500c 4883 

  0x0000023c18c71270: ;   {metadata(method data for {method} {0x0000023c2b010ed0} 'defineClassSourceLocation' '(Ljava/security/ProtectionDomain;)Ljava/lang/String;' in 'java/lang/ClassLoader')}
  0x0000023c18c71270: fa00 48be | 68af 1e6c | 3c02 0000 | 48bf b001 | 0000 0000 | 0000 0f85 | 0a00 0000 | 48bf a001 
  0x0000023c18c71290: 0000 0000 | 0000 488b | 1c3e 488d | 5b01 4889 | 1c3e 0f85 | 0f00 0000 

  0x0000023c18c712a8: ;   {oop(NULL)}
  0x0000023c18c712a8: 48bb 0000 | 0000 0000 | 0000 e948 

  0x0000023c18c712b4: ;   {metadata(method data for {method} {0x0000023c2b010ed0} 'defineClassSourceLocation' '(Ljava/security/ProtectionDomain;)Ljava/lang/String;' in 'java/lang/ClassLoader')}
  0x0000023c18c712b4: 0100 0048 | be68 af1e | 6c3c 0200 | 0048 8386 | c001 0000 | 0148 3b02 

  0x0000023c18c712cc: ;   {metadata(method data for {method} {0x0000023c2b010ed0} 'defineClassSourceLocation' '(Ljava/security/ProtectionDomain;)Ljava/lang/String;' in 'java/lang/ClassLoader')}
  0x0000023c18c712cc: 4c8b c248 | be68 af1e | 6c3c 0200 | 0048 8386 | f801 0000 

  0x0000023c18c712e0: ;   {metadata(method data for {method} {0x0000023c2b069960} 'toString' '()Ljava/lang/String;' in 'java/net/URL')}
  0x0000023c18c712e0: 0149 b860 | 5617 6c3c | 0200 0041 | 8bb0 cc00 | 0000 83c6 | 0241 89b0 | cc00 0000 | 81e6 feff 
  0x0000023c18c71300: 1f00 83fe | 000f 84f0 | 0100 004c 

  0x0000023c18c7130c: ;   {metadata(method data for {method} {0x0000023c2b069960} 'toString' '()Ljava/lang/String;' in 'java/net/URL')}
  0x0000023c18c7130c: 8bc2 48be | 6056 176c | 3c02 0000 | 4883 8610 | 0100 0001 

  0x0000023c18c71320: ;   {metadata(method data for {method} {0x0000023c2b06a1f8} 'toExternalForm' '()Ljava/lang/String;' in 'java/net/URL')}
  0x0000023c18c71320: 49b8 e857 | 176c 3c02 | 0000 418b | b0cc 0000 | 0083 c602 | 4189 b0cc | 0000 0081 | e6fe ff1f 
  0x0000023c18c71340: 0083 fe00 | 0f84 d201 | 0000 8b72 | 3848 3b06 

  0x0000023c18c71350: ;   {metadata(method data for {method} {0x0000023c2b06a1f8} 'toExternalForm' '()Ljava/lang/String;' in 'java/net/URL')}
  0x0000023c18c71350: 4c8b c648 | bfe8 5717 | 6c3c 0200 | 0045 8b40 | 0849 ba00 | 0000 2b3c | 0200 004d | 03c2 4c3b 
  0x0000023c18c71370: 8720 0100 | 0075 0d48 | 8387 2801 | 0000 01e9 | 6600 0000 | 4c3b 8730 | 0100 0075 | 0d48 8387 
  0x0000023c18c71390: 3801 0000 | 01e9 5000 | 0000 4881 | bf20 0100 | 0000 0000 | 0075 174c | 8987 2001 | 0000 48c7 
  0x0000023c18c713b0: 8728 0100 | 0001 0000 | 00e9 2c00 | 0000 4881 | bf30 0100 | 0000 0000 | 0075 174c | 8987 3001 
  0x0000023c18c713d0: 0000 48c7 | 8738 0100 | 0001 0000 | 00e9 0800 | 0000 4883 | 8710 0100 | 0001 4c8b | c248 8bd6 
  0x0000023c18c713f0: 0f1f 8000 

  0x0000023c18c713f4: ;   {optimized virtual_call}
  0x0000023c18c713f4: 0000 00e8 

  0x0000023c18c713f8: ; ImmutableOopMap {[120]=Oop [136]=Oop [128]=Oop [152]=Oop }
                      ;*invokevirtual toExternalForm {reexecute=0 rethrow=0 return_oop=0}
                      ; - java.net.URL::toExternalForm@5 (line 1039)
                      ; - java.net.URL::toString@1 (line 1025)
                      ; - java.lang.ClassLoader::defineClassSourceLocation@22 (line 917)
                      ; - java.lang.ClassLoader::defineClass@12 (line 1016)
  0x0000023c18c713f8: c405 f7ff | 488b d848 | 8b84 2498 | 0000 008b | b424 9400 | 0000 8bbc | 2490 0000 | 004c 8b8c 
  0x0000023c18c71418: 2488 0000 | 004c 8b84 | 2480 0000 | 0048 8b54 

  0x0000023c18c71428: ;   {metadata(method data for {method} {0x0000023c2b010cc0} 'defineClass' '(Ljava/lang/String;[BIILjava/security/ProtectionDomain;)Ljava/lang/Class;' in 'java/lang/ClassLoader')}
  0x0000023c18c71428: 2478 48b9 | d0a3 1e6c | 3c02 0000 | 4883 8180 | 0100 0001 | 4c8b da49 | 8bd3 488b | c848 891c 
  0x0000023c18c71448: 2466 0f1f 

  0x0000023c18c7144c: ;   {static_call}
  0x0000023c18c7144c: 4400 00e8 

  0x0000023c18c71450: ; ImmutableOopMap {[152]=Oop [120]=Oop }
                      ;*invokestatic defineClass1 {reexecute=0 rethrow=0 return_oop=0}
                      ; - java.lang.ClassLoader::defineClass@27 (line 1017)
  0x0000023c18c71450: 6cb4 9607 | 488b 5424 

  0x0000023c18c71458: ;   {metadata(method data for {method} {0x0000023c2b010cc0} 'defineClass' '(Ljava/lang/String;[BIILjava/security/ProtectionDomain;)Ljava/lang/Class;' in 'java/lang/ClassLoader')}
  0x0000023c18c71458: 7849 b8d0 | a31e 6c3c | 0200 0049 | 8380 9001 | 0000 014c | 8bc0 4c8b | 8c24 9800 | 0000 488b 
  0x0000023c18c71478: 5424 7848 | 8984 24a0 | 0000 000f 

  0x0000023c18c71484: ;   {optimized virtual_call}
  0x0000023c18c71484: 1f40 00e8 

  0x0000023c18c71488: ; ImmutableOopMap {[160]=Oop }
                      ;*invokevirtual postDefineClass {reexecute=0 rethrow=0 return_oop=0}
                      ; - java.lang.ClassLoader::defineClass@37 (line 1018)
  0x0000023c18c71488: 143a 0000 | 488b 8424 | a000 0000 | 4881 c4b0 | 0000 005d 

  0x0000023c18c7149c: ;   {poll_return}
  0x0000023c18c7149c: 493b a750 | 0300 000f | 8799 0000 

  0x0000023c18c714a8: ;   {metadata({method} {0x0000023c2b010cc0} 'defineClass' '(Ljava/lang/String;[BIILjava/security/ProtectionDomain;)Ljava/lang/Class;' in 'java/lang/ClassLoader')}
  0x0000023c18c714a8: 00c3 49ba | b80c 012b | 3c02 0000 | 4c89 5424 | 0848 c704 | 24ff ffff 

  0x0000023c18c714c0: ;   {runtime_call counter_overflow Runtime1 stub}
  0x0000023c18c714c0: ffe8 ba94 

  0x0000023c18c714c4: ; ImmutableOopMap {rdx=Oop [120]=Oop r8=Oop r9=Oop rcx=Oop }
                      ;*synchronization entry
                      ; - java.lang.ClassLoader::defineClass@-1 (line 1015)
  0x0000023c18c714c4: 4607 e991 

  0x0000023c18c714c8: ;   {metadata({method} {0x0000023c2b010ed0} 'defineClassSourceLocation' '(Ljava/security/ProtectionDomain;)Ljava/lang/String;' in 'java/lang/ClassLoader')}
  0x0000023c18c714c8: fcff ff49 | bac8 0e01 | 2b3c 0200 | 004c 8954 | 2408 48c7 | 0424 ffff 

  0x0000023c18c714e0: ;   {runtime_call counter_overflow Runtime1 stub}
  0x0000023c18c714e0: ffff e899 

  0x0000023c18c714e4: ; ImmutableOopMap {[120]=Oop [136]=Oop [128]=Oop rax=Oop [152]=Oop }
                      ;*synchronization entry
                      ; - java.lang.ClassLoader::defineClassSourceLocation@-1 (line 914)
                      ; - java.lang.ClassLoader::defineClass@12 (line 1016)
  0x0000023c18c714e4: 9446 07e9 | 01fd ffff 

  0x0000023c18c714ec: ;   {runtime_call throw_null_pointer_exception Runtime1 stub}
  0x0000023c18c714ec: e8af 3746 

  0x0000023c18c714f0: ; ImmutableOopMap {[120]=Oop [136]=Oop [128]=Oop rax=Oop [152]=Oop }
                      ;*invokevirtual getCodeSource {reexecute=0 rethrow=0 return_oop=0}
                      ; - java.lang.ClassLoader::defineClassSourceLocation@1 (line 914)
                      ; - java.lang.ClassLoader::defineClass@12 (line 1016)
                      ;   {runtime_call throw_null_pointer_exception Runtime1 stub}
  0x0000023c18c714f0: 07e8 aa37 

  0x0000023c18c714f4: ; ImmutableOopMap {[120]=Oop [136]=Oop [128]=Oop rax=Oop [152]=Oop r8=Oop }
                      ;*invokevirtual getLocation {reexecute=0 rethrow=0 return_oop=0}
                      ; - java.lang.ClassLoader::defineClassSourceLocation@12 (line 916)
                      ; - java.lang.ClassLoader::defineClass@12 (line 1016)
                      ;   {runtime_call throw_null_pointer_exception Runtime1 stub}
  0x0000023c18c714f4: 4607 e8a5 

  0x0000023c18c714f8: ; ImmutableOopMap {[120]=Oop [136]=Oop [128]=Oop [152]=Oop rdx=Oop }
                      ;*invokevirtual toString {reexecute=0 rethrow=0 return_oop=0}
                      ; - java.lang.ClassLoader::defineClassSourceLocation@22 (line 917)
                      ; - java.lang.ClassLoader::defineClass@12 (line 1016)
                      ;   {metadata({method} {0x0000023c2b069960} 'toString' '()Ljava/lang/String;' in 'java/net/URL')}
  0x0000023c18c714f8: 3746 0749 | ba58 9906 | 2b3c 0200 | 004c 8954 | 2408 48c7 | 0424 ffff 

  0x0000023c18c71510: ;   {runtime_call counter_overflow Runtime1 stub}
  0x0000023c18c71510: ffff e869 

  0x0000023c18c71514: ; ImmutableOopMap {[120]=Oop [136]=Oop [128]=Oop [152]=Oop rdx=Oop }
                      ;*synchronization entry
                      ; - java.net.URL::toString@-1 (line 1025)
                      ; - java.lang.ClassLoader::defineClassSourceLocation@22 (line 917)
                      ; - java.lang.ClassLoader::defineClass@12 (line 1016)
  0x0000023c18c71514: 9446 07e9 | effd ffff 

  0x0000023c18c7151c: ;   {metadata({method} {0x0000023c2b06a1f8} 'toExternalForm' '()Ljava/lang/String;' in 'java/net/URL')}
  0x0000023c18c7151c: 49ba f0a1 | 062b 3c02 | 0000 4c89 | 5424 0848 | c704 24ff 

  0x0000023c18c71530: ;   {runtime_call counter_overflow Runtime1 stub}
  0x0000023c18c71530: ffff ffe8 

  0x0000023c18c71534: ; ImmutableOopMap {[120]=Oop [136]=Oop [128]=Oop [152]=Oop rdx=Oop }
                      ;*synchronization entry
                      ; - java.net.URL::toExternalForm@-1 (line 1039)
                      ; - java.net.URL::toString@1 (line 1025)
                      ; - java.lang.ClassLoader::defineClassSourceLocation@22 (line 917)
                      ; - java.lang.ClassLoader::defineClass@12 (line 1016)
  0x0000023c18c71534: 4894 4607 | e90d feff 

  0x0000023c18c7153c: ;   {runtime_call throw_null_pointer_exception Runtime1 stub}
  0x0000023c18c7153c: ffe8 5e37 

  0x0000023c18c71540: ; ImmutableOopMap {[120]=Oop [136]=Oop [128]=Oop [152]=Oop rdx=Oop rsi=Oop }
                      ;*invokevirtual toExternalForm {reexecute=0 rethrow=0 return_oop=0}
                      ; - java.net.URL::toExternalForm@5 (line 1039)
                      ; - java.net.URL::toString@1 (line 1025)
                      ; - java.lang.ClassLoader::defineClassSourceLocation@22 (line 917)
                      ; - java.lang.ClassLoader::defineClass@12 (line 1016)
                      ;   {internal_word}
  0x0000023c18c71540: 4607 49ba | 9c14 c718 | 3c02 0000 | 4d89 9768 

  0x0000023c18c71550: ;   {runtime_call SafepointBlob}
  0x0000023c18c71550: 0300 00e9 | a864 3c07 | 9090 498b | 87e0 0300 | 0049 c787 | e003 0000 | 0000 0000 | 49c7 87e8 
  0x0000023c18c71570: 0300 0000 | 0000 0048 | 81c4 b000 

  0x0000023c18c7157c: ;   {runtime_call unwind_exception Runtime1 stub}
  0x0000023c18c7157c: 0000 5de9 | fc30 4607 | f4f4 f4f4 | f4f4 f4f4 | f4f4 f4f4 | f4f4 f4f4 | f4f4 f4f4 | f4f4 f4f4 
  0x0000023c18c7159c: f4f4 f4f4 
[Stub Code]
  0x0000023c18c715a0: ;   {no_reloc}
  0x0000023c18c715a0: 0f1f 4400 

  0x0000023c18c715a4: ;   {static_stub}
  0x0000023c18c715a4: 0048 bb70 | 0e01 2b3c 

  0x0000023c18c715ac: ;   {runtime_call I2C/C2I adapters}
  0x0000023c18c715ac: 0200 00e9 | 2dc4 3b07 

  0x0000023c18c715b4: ;   {static_stub}
  0x0000023c18c715b4: 9048 bb00 | 0000 0000 

  0x0000023c18c715bc: ;   {runtime_call}
  0x0000023c18c715bc: 0000 00e9 | fbff ffff 

  0x0000023c18c715c4: ;   {static_stub}
  0x0000023c18c715c4: 9048 bb00 | 0000 0000 

  0x0000023c18c715cc: ;   {runtime_call}
  0x0000023c18c715cc: 0000 00e9 | fbff ffff 

  0x0000023c18c715d4: ;   {static_stub}
  0x0000023c18c715d4: 9048 bb88 | 0f01 2b3c 

  0x0000023c18c715dc: ;   {runtime_call I2C/C2I adapters}
  0x0000023c18c715dc: 0200 00e9 | fdc3 3b07 
[Exception Handler]
  0x0000023c18c715e4: ;   {runtime_call handle_exception_from_callee Runtime1 stub}
  0x0000023c18c715e4: e897 5a46 

  0x0000023c18c715e8: ;   {external_word}
  0x0000023c18c715e8: 0748 b910 | 2a1b aefe | 7f00 0048 

  0x0000023c18c715f4: ;   {runtime_call}
  0x0000023c18c715f4: 83e4 f049 | ba20 c0e3 | adfe 7f00 | 0041 ffd2 

  0x0000023c18c71604: ;   {section_word}
  0x0000023c18c71604: f449 ba05 | 16c7 183c | 0200 0041 

  0x0000023c18c71610: ;   {runtime_call DeoptimizationBlob}
  0x0000023c18c71610: 52e9 8a56 | 3c07 f4f4 
[/MachCode]


Compiled method (c1)    1667  931       3       java.security.SecureClassLoader::defineClass (16 bytes)
 total in heap  [0x0000023c18c6fe10,0x0000023c18c70200] = 1008
 relocation     [0x0000023c18c6ff68,0x0000023c18c6ffb0] = 72
 main code      [0x0000023c18c6ffc0,0x0000023c18c70100] = 320
 stub code      [0x0000023c18c70100,0x0000023c18c70158] = 88
 metadata       [0x0000023c18c70158,0x0000023c18c70160] = 8
 scopes data    [0x0000023c18c70160,0x0000023c18c701a8] = 72
 scopes pcs     [0x0000023c18c701a8,0x0000023c18c701f8] = 80
 dependencies   [0x0000023c18c701f8,0x0000023c18c70200] = 8

[Constant Pool (empty)]

[MachCode]
[Entry Point]
  # {method} {0x0000023c2b434710} 'defineClass' '(Ljava/lang/String;[BIILjava/security/CodeSource;)Ljava/lang/Class;' in 'java/security/SecureClassLoader'
  # this:     rdx:rdx   = 'java/security/SecureClassLoader'
  # parm0:    r8:r8     = 'java/lang/String'
  # parm1:    r9:r9     = '[B'
  # parm2:    rdi       = int
  # parm3:    rsi       = int
  # parm4:    rcx:rcx   = 'java/security/CodeSource'
  #           [sp+0x80]  (sp of caller)
  0x0000023c18c6ffc0: 448b 5208 | 49bb 0000 | 002b 3c02 | 0000 4d03 | d34c 3bd0 

  0x0000023c18c6ffd4: ;   {runtime_call ic_miss_stub}
  0x0000023c18c6ffd4: 0f85 a610 | 3c07 660f | 1f44 0000 
[Verified Entry Point]
  0x0000023c18c6ffe0: 8984 2400 | 90ff ff55 | 4883 ec70 

  0x0000023c18c6ffec: ;   {metadata(method data for {method} {0x0000023c2b434710} 'defineClass' '(Ljava/lang/String;[BIILjava/security/CodeSource;)Ljava/lang/Class;' in 'java/security/SecureClassLoader')}
  0x0000023c18c6ffec: 48bb 805d | 1b6c 3c02 | 0000 8b83 | cc00 0000 | 83c0 0289 | 83cc 0000 | 0081 e0fe | 0700 0083 
  0x0000023c18c7000c: f800 0f84 | 8b00 0000 | 8974 245c | 897c 2458 | 4c89 4c24 | 504c 8944 | 2448 488b 

  0x0000023c18c70028: ;   {metadata(method data for {method} {0x0000023c2b434710} 'defineClass' '(Ljava/lang/String;[BIILjava/security/CodeSource;)Ljava/lang/Class;' in 'java/security/SecureClassLoader')}
  0x0000023c18c70028: da48 b880 | 5d1b 6c3c | 0200 0048 | 8380 1001 | 0000 014c | 8bc1 488b | c248 8bd0 | 4889 4424 
  0x0000023c18c70048: 4066 0f1f 

  0x0000023c18c7004c: ;   {optimized virtual_call}
  0x0000023c18c7004c: 4400 00e8 

  0x0000023c18c70050: ; ImmutableOopMap {[80]=Oop [64]=Oop [72]=Oop }
                      ;*invokevirtual getProtectionDomain {reexecute=0 rethrow=0 return_oop=0}
                      ; - java.security.SecureClassLoader::defineClass@9 (line 150)
  0x0000023c18c70050: 4c63 ffff | 488b 5424 

  0x0000023c18c70058: ;   {metadata(method data for {method} {0x0000023c2b434710} 'defineClass' '(Ljava/lang/String;[BIILjava/security/CodeSource;)Ljava/lang/Class;' in 'java/security/SecureClassLoader')}
  0x0000023c18c70058: 4049 b880 | 5d1b 6c3c | 0200 0049 | 8380 4801 | 0000 014c | 8b44 2448 | 4c8b 4c24 | 508b 7c24 
  0x0000023c18c70078: 588b 7424 | 5c48 8bc8 | 488b 5424 

  0x0000023c18c70084: ;   {optimized virtual_call}
  0x0000023c18c70084: 4066 90e8 

  0x0000023c18c70088: ; ImmutableOopMap {}
                      ;*invokevirtual defineClass {reexecute=0 rethrow=0 return_oop=0}
                      ; - java.security.SecureClassLoader::defineClass@12 (line 150)
  0x0000023c18c70088: 9410 0000 | 4883 c470 

  0x0000023c18c70090: ;   {poll_return}
  0x0000023c18c70090: 5d49 3ba7 | 5003 0000 | 0f87 2200 

  0x0000023c18c7009c: ;   {metadata({method} {0x0000023c2b434710} 'defineClass' '(Ljava/lang/String;[BIILjava/security/CodeSource;)Ljava/lang/Class;' in 'java/security/SecureClassLoader')}
  0x0000023c18c7009c: 0000 c349 | ba08 4743 | 2b3c 0200 | 004c 8954 | 2408 48c7 | 0424 ffff 

  0x0000023c18c700b4: ;   {runtime_call counter_overflow Runtime1 stub}
  0x0000023c18c700b4: ffff e8c5 

  0x0000023c18c700b8: ; ImmutableOopMap {rdx=Oop r8=Oop r9=Oop rcx=Oop }
                      ;*synchronization entry
                      ; - java.security.SecureClassLoader::defineClass@-1 (line 150)
  0x0000023c18c700b8: a846 07e9 | 54ff ffff 

  0x0000023c18c700c0: ;   {internal_word}
  0x0000023c18c700c0: 49ba 9100 | c718 3c02 | 0000 4d89 | 9768 0300 

  0x0000023c18c700d0: ;   {runtime_call SafepointBlob}
  0x0000023c18c700d0: 00e9 2a79 | 3c07 9090 | 498b 87e0 | 0300 0049 | c787 e003 | 0000 0000 | 0000 49c7 | 87e8 0300 
  0x0000023c18c700f0: 0000 0000 | 0048 83c4 

  0x0000023c18c700f8: ;   {runtime_call unwind_exception Runtime1 stub}
  0x0000023c18c700f8: 705d e981 | 4546 07f4 
[Stub Code]
  0x0000023c18c70100: ;   {no_reloc}
  0x0000023c18c70100: 0f1f 4400 

  0x0000023c18c70104: ;   {static_stub}
  0x0000023c18c70104: 0048 bb00 | 0000 0000 

  0x0000023c18c7010c: ;   {runtime_call}
  0x0000023c18c7010c: 0000 00e9 | fbff ffff 

  0x0000023c18c70114: ;   {static_stub}
  0x0000023c18c70114: 9048 bbb8 | 0c01 2b3c 

  0x0000023c18c7011c: ;   {runtime_call I2C/C2I adapters}
  0x0000023c18c7011c: 0200 00e9 | c775 3b07 
[Exception Handler]
  0x0000023c18c70124: ;   {runtime_call handle_exception_from_callee Runtime1 stub}
  0x0000023c18c70124: e857 6f46 

  0x0000023c18c70128: ;   {external_word}
  0x0000023c18c70128: 0748 b910 | 2a1b aefe | 7f00 0048 

  0x0000023c18c70134: ;   {runtime_call}
  0x0000023c18c70134: 83e4 f049 | ba20 c0e3 | adfe 7f00 | 0041 ffd2 

  0x0000023c18c70144: ;   {section_word}
  0x0000023c18c70144: f449 ba45 | 01c7 183c | 0200 0041 

  0x0000023c18c70150: ;   {runtime_call DeoptimizationBlob}
  0x0000023c18c70150: 52e9 4a6b | 3c07 f4f4 
[/MachCode]


---------------  P R O C E S S  ---------------

Threads class SMR info:
_java_thread_list=0x0000023c70ed9ab0, length=15, elements={
0x0000023c10f8a1f0, 0x0000023c2adc2b10, 0x0000023c2adc3990, 0x0000023c2add0670,
0x0000023c2add2040, 0x0000023c2add2a00, 0x0000023c2addd3e0, 0x0000023c2ade19e0,
0x0000023c2ade2490, 0x0000023c2adf5a60, 0x0000023c700711d0, 0x0000023c70078340,
0x0000023c70240b40, 0x0000023c705f8340, 0x0000023c714ff410
}

Java Threads: ( => current thread )
=>0x0000023c10f8a1f0 JavaThread "main" [_thread_in_vm, id=14132, stack(0x0000009462300000,0x0000009462400000)]
  0x0000023c2adc2b10 JavaThread "Reference Handler" daemon [_thread_blocked, id=13844, stack(0x0000009462a00000,0x0000009462b00000)]
  0x0000023c2adc3990 JavaThread "Finalizer" daemon [_thread_blocked, id=3572, stack(0x0000009462b00000,0x0000009462c00000)]
  0x0000023c2add0670 JavaThread "Signal Dispatcher" daemon [_thread_blocked, id=3360, stack(0x0000009462c00000,0x0000009462d00000)]
  0x0000023c2add2040 JavaThread "Attach Listener" daemon [_thread_blocked, id=17128, stack(0x0000009462d00000,0x0000009462e00000)]
  0x0000023c2add2a00 JavaThread "Service Thread" daemon [_thread_blocked, id=4984, stack(0x0000009462e00000,0x0000009462f00000)]
  0x0000023c2addd3e0 JavaThread "Monitor Deflation Thread" daemon [_thread_blocked, id=10688, stack(0x0000009462f00000,0x0000009463000000)]
  0x0000023c2ade19e0 JavaThread "C2 CompilerThread0" daemon [_thread_blocked, id=556, stack(0x0000009463000000,0x0000009463100000)]
  0x0000023c2ade2490 JavaThread "C1 CompilerThread0" daemon [_thread_blocked, id=10456, stack(0x0000009463100000,0x0000009463200000)]
  0x0000023c2adf5a60 JavaThread "Sweeper thread" daemon [_thread_blocked, id=20564, stack(0x0000009463200000,0x0000009463300000)]
  0x0000023c700711d0 JavaThread "Notification Thread" daemon [_thread_blocked, id=12496, stack(0x0000009463300000,0x0000009463400000)]
  0x0000023c70078340 JavaThread "Common-Cleaner" daemon [_thread_blocked, id=15768, stack(0x0000009463500000,0x0000009463600000)]
  0x0000023c70240b40 JavaThread "C2 CompilerThread1" daemon [_thread_blocked, id=8048, stack(0x0000009463600000,0x0000009463700000)]
  0x0000023c705f8340 JavaThread "C2 CompilerThread2" daemon [_thread_blocked, id=13860, stack(0x0000009463700000,0x0000009463800000)]
  0x0000023c714ff410 JavaThread "pool-1-thread-1" [_thread_blocked, id=10052, stack(0x0000009463c00000,0x0000009463d00000)]

Other Threads:
  0x0000023c11036b10 VMThread "VM Thread" [stack: 0x0000009462900000,0x0000009462a00000] [id=12760]
  0x0000023c700776d0 WatcherThread [stack: 0x0000009463400000,0x0000009463500000] [id=17640]
  0x0000023c10facb90 GCTaskThread "GC Thread#0" [stack: 0x0000009462400000,0x0000009462500000] [id=8156]
  0x0000023c70ee6ee0 GCTaskThread "GC Thread#1" [stack: 0x0000009463800000,0x0000009463900000] [id=8676]
  0x0000023c70811050 GCTaskThread "GC Thread#2" [stack: 0x0000009463900000,0x0000009463a00000] [id=8828]
  0x0000023c70e3f480 GCTaskThread "GC Thread#3" [stack: 0x0000009463a00000,0x0000009463b00000] [id=19492]
  0x0000023c70fb83b0 GCTaskThread "GC Thread#4" [stack: 0x0000009463b00000,0x0000009463c00000] [id=22316]
  0x0000023c10fae2e0 ConcurrentGCThread "G1 Main Marker" [stack: 0x0000009462500000,0x0000009462600000] [id=14532]
  0x0000023c10faed00 ConcurrentGCThread "G1 Conc#0" [stack: 0x0000009462600000,0x0000009462700000] [id=15592]
  0x0000023c1101c480 ConcurrentGCThread "G1 Refine#0" [stack: 0x0000009462700000,0x0000009462800000] [id=1704]
  0x0000023c1101ceb0 ConcurrentGCThread "G1 Service" [stack: 0x0000009462800000,0x0000009462900000] [id=4152]

Threads with active compile tasks:

VM state: not at safepoint (normal execution)

VM Mutex/Monitor currently owned by a thread:  ([mutex/lock_event])
[0x0000023c10f85420] Metaspace_lock - owner thread: 0x0000023c10f8a1f0

Heap address: 0x00000000fc000000, size: 64 MB, Compressed Oops mode: 32-bit

CDS archive(s) mapped at: [0x0000023c2b000000-0x0000023c2bbb0000-0x0000023c2bbb0000), size 12255232, SharedBaseAddress: 0x0000023c2b000000, ArchiveRelocationMode: 1.
Compressed class space mapped at: 0x0000023c2c000000-0x0000023c6c000000, reserved size: 1073741824
Narrow klass base: 0x0000023c2b000000, Narrow klass shift: 0, Narrow klass range: 0x100000000

GC Precious Log:
 CPUs: 12 total, 12 available
 Memory: 16251M
 Large Page Support: Disabled
 NUMA Support: Disabled
 Compressed Oops: Enabled (32-bit)
 Heap Region Size: 1M
 Heap Min Capacity: 64M
 Heap Initial Capacity: 64M
 Heap Max Capacity: 64M
 Pre-touch: Disabled
 Parallel Workers: 10
 Concurrent Workers: 3
 Concurrent Refinement Workers: 10
 Periodic GC: Disabled

Heap:
 garbage-first heap   total 65536K, used 22064K [0x00000000fc000000, 0x0000000100000000)
  region size 1024K, 15 young (15360K), 3 survivors (3072K)
 Metaspace       used 5473K, committed 5632K, reserved 1114112K
  class space    used 733K, committed 832K, reserved 1048576K

Heap Regions: E=young(eden), S=young(survivor), O=old, HS=humongous(starts), HC=humongous(continues), CS=collection set, F=free, OA=open archive, CA=closed archive, TAMS=top-at-mark-start (previous, next)
|   0|0x00000000fc000000, 0x00000000fc100000, 0x00000000fc100000|100%|HS|  |TAMS 0x00000000fc000000, 0x00000000fc000000| Complete 
|   1|0x00000000fc100000, 0x00000000fc200000, 0x00000000fc200000|100%|HC|  |TAMS 0x00000000fc100000, 0x00000000fc100000| Complete 
|   2|0x00000000fc200000, 0x00000000fc300000, 0x00000000fc300000|100%|HC|  |TAMS 0x00000000fc200000, 0x00000000fc200000| Complete 
|   3|0x00000000fc300000, 0x00000000fc400000, 0x00000000fc400000|100%|HC|  |TAMS 0x00000000fc300000, 0x00000000fc300000| Complete 
|   4|0x00000000fc400000, 0x00000000fc500000, 0x00000000fc500000|100%| O|  |TAMS 0x00000000fc400000, 0x00000000fc400000| Untracked 
|   5|0x00000000fc500000, 0x00000000fc600000, 0x00000000fc600000|100%| O|  |TAMS 0x00000000fc500000, 0x00000000fc500000| Untracked 
|   6|0x00000000fc600000, 0x00000000fc700000, 0x00000000fc700000|100%| O|  |TAMS 0x00000000fc600000, 0x00000000fc600000| Untracked 
|   7|0x00000000fc700000, 0x00000000fc78c000, 0x00000000fc800000| 54%| O|  |TAMS 0x00000000fc700000, 0x00000000fc700000| Untracked 
|   8|0x00000000fc800000, 0x00000000fc800000, 0x00000000fc900000|  0%| F|  |TAMS 0x00000000fc800000, 0x00000000fc800000| Untracked 
|   9|0x00000000fc900000, 0x00000000fc900000, 0x00000000fca00000|  0%| F|  |TAMS 0x00000000fc900000, 0x00000000fc900000| Untracked 
|  10|0x00000000fca00000, 0x00000000fca00000, 0x00000000fcb00000|  0%| F|  |TAMS 0x00000000fca00000, 0x00000000fca00000| Untracked 
|  11|0x00000000fcb00000, 0x00000000fcb00000, 0x00000000fcc00000|  0%| F|  |TAMS 0x00000000fcb00000, 0x00000000fcb00000| Untracked 
|  12|0x00000000fcc00000, 0x00000000fcc00000, 0x00000000fcd00000|  0%| F|  |TAMS 0x00000000fcc00000, 0x00000000fcc00000| Untracked 
|  13|0x00000000fcd00000, 0x00000000fcd00000, 0x00000000fce00000|  0%| F|  |TAMS 0x00000000fcd00000, 0x00000000fcd00000| Untracked 
|  14|0x00000000fce00000, 0x00000000fce00000, 0x00000000fcf00000|  0%| F|  |TAMS 0x00000000fce00000, 0x00000000fce00000| Untracked 
|  15|0x00000000fcf00000, 0x00000000fcf00000, 0x00000000fd000000|  0%| F|  |TAMS 0x00000000fcf00000, 0x00000000fcf00000| Untracked 
|  16|0x00000000fd000000, 0x00000000fd000000, 0x00000000fd100000|  0%| F|  |TAMS 0x00000000fd000000, 0x00000000fd000000| Untracked 
|  17|0x00000000fd100000, 0x00000000fd100000, 0x00000000fd200000|  0%| F|  |TAMS 0x00000000fd100000, 0x00000000fd100000| Untracked 
|  18|0x00000000fd200000, 0x00000000fd200000, 0x00000000fd300000|  0%| F|  |TAMS 0x00000000fd200000, 0x00000000fd200000| Untracked 
|  19|0x00000000fd300000, 0x00000000fd300000, 0x00000000fd400000|  0%| F|  |TAMS 0x00000000fd300000, 0x00000000fd300000| Untracked 
|  20|0x00000000fd400000, 0x00000000fd400000, 0x00000000fd500000|  0%| F|  |TAMS 0x00000000fd400000, 0x00000000fd400000| Untracked 
|  21|0x00000000fd500000, 0x00000000fd500000, 0x00000000fd600000|  0%| F|  |TAMS 0x00000000fd500000, 0x00000000fd500000| Untracked 
|  22|0x00000000fd600000, 0x00000000fd600000, 0x00000000fd700000|  0%| F|  |TAMS 0x00000000fd600000, 0x00000000fd600000| Untracked 
|  23|0x00000000fd700000, 0x00000000fd700000, 0x00000000fd800000|  0%| F|  |TAMS 0x00000000fd700000, 0x00000000fd700000| Untracked 
|  24|0x00000000fd800000, 0x00000000fd800000, 0x00000000fd900000|  0%| F|  |TAMS 0x00000000fd800000, 0x00000000fd800000| Untracked 
|  25|0x00000000fd900000, 0x00000000fd900000, 0x00000000fda00000|  0%| F|  |TAMS 0x00000000fd900000, 0x00000000fd900000| Untracked 
|  26|0x00000000fda00000, 0x00000000fda00000, 0x00000000fdb00000|  0%| F|  |TAMS 0x00000000fda00000, 0x00000000fda00000| Untracked 
|  27|0x00000000fdb00000, 0x00000000fdb00000, 0x00000000fdc00000|  0%| F|  |TAMS 0x00000000fdb00000, 0x00000000fdb00000| Untracked 
|  28|0x00000000fdc00000, 0x00000000fdc00000, 0x00000000fdd00000|  0%| F|  |TAMS 0x00000000fdc00000, 0x00000000fdc00000| Untracked 
|  29|0x00000000fdd00000, 0x00000000fdd00000, 0x00000000fde00000|  0%| F|  |TAMS 0x00000000fdd00000, 0x00000000fdd00000| Untracked 
|  30|0x00000000fde00000, 0x00000000fde00000, 0x00000000fdf00000|  0%| F|  |TAMS 0x00000000fde00000, 0x00000000fde00000| Untracked 
|  31|0x00000000fdf00000, 0x00000000fdf00000, 0x00000000fe000000|  0%| F|  |TAMS 0x00000000fdf00000, 0x00000000fdf00000| Untracked 
|  32|0x00000000fe000000, 0x00000000fe000000, 0x00000000fe100000|  0%| F|  |TAMS 0x00000000fe000000, 0x00000000fe000000| Untracked 
|  33|0x00000000fe100000, 0x00000000fe100000, 0x00000000fe200000|  0%| F|  |TAMS 0x00000000fe100000, 0x00000000fe100000| Untracked 
|  34|0x00000000fe200000, 0x00000000fe200000, 0x00000000fe300000|  0%| F|  |TAMS 0x00000000fe200000, 0x00000000fe200000| Untracked 
|  35|0x00000000fe300000, 0x00000000fe300000, 0x00000000fe400000|  0%| F|  |TAMS 0x00000000fe300000, 0x00000000fe300000| Untracked 
|  36|0x00000000fe400000, 0x00000000fe400000, 0x00000000fe500000|  0%| F|  |TAMS 0x00000000fe400000, 0x00000000fe400000| Untracked 
|  37|0x00000000fe500000, 0x00000000fe500000, 0x00000000fe600000|  0%| F|  |TAMS 0x00000000fe500000, 0x00000000fe500000| Untracked 
|  38|0x00000000fe600000, 0x00000000fe700000, 0x00000000fe700000|100%| S|CS|TAMS 0x00000000fe600000, 0x00000000fe600000| Complete 
|  39|0x00000000fe700000, 0x00000000fe800000, 0x00000000fe800000|100%| S|CS|TAMS 0x00000000fe700000, 0x00000000fe700000| Complete 
|  40|0x00000000fe800000, 0x00000000fe900000, 0x00000000fe900000|100%| S|CS|TAMS 0x00000000fe800000, 0x00000000fe800000| Complete 
|  41|0x00000000fe900000, 0x00000000fe900000, 0x00000000fea00000|  0%| F|  |TAMS 0x00000000fe900000, 0x00000000fe900000| Untracked 
|  42|0x00000000fea00000, 0x00000000fea00000, 0x00000000feb00000|  0%| F|  |TAMS 0x00000000fea00000, 0x00000000fea00000| Untracked 
|  43|0x00000000feb00000, 0x00000000feb00000, 0x00000000fec00000|  0%| F|  |TAMS 0x00000000feb00000, 0x00000000feb00000| Untracked 
|  44|0x00000000fec00000, 0x00000000fec00000, 0x00000000fed00000|  0%| F|  |TAMS 0x00000000fec00000, 0x00000000fec00000| Untracked 
|  45|0x00000000fed00000, 0x00000000fed00000, 0x00000000fee00000|  0%| F|  |TAMS 0x00000000fed00000, 0x00000000fed00000| Untracked 
|  46|0x00000000fee00000, 0x00000000fee00000, 0x00000000fef00000|  0%| F|  |TAMS 0x00000000fee00000, 0x00000000fee00000| Untracked 
|  47|0x00000000fef00000, 0x00000000fef00000, 0x00000000ff000000|  0%| F|  |TAMS 0x00000000fef00000, 0x00000000fef00000| Untracked 
|  48|0x00000000ff000000, 0x00000000ff000000, 0x00000000ff100000|  0%| F|  |TAMS 0x00000000ff000000, 0x00000000ff000000| Untracked 
|  49|0x00000000ff100000, 0x00000000ff100000, 0x00000000ff200000|  0%| F|  |TAMS 0x00000000ff100000, 0x00000000ff100000| Untracked 
|  50|0x00000000ff200000, 0x00000000ff200000, 0x00000000ff300000|  0%| F|  |TAMS 0x00000000ff200000, 0x00000000ff200000| Untracked 
|  51|0x00000000ff300000, 0x00000000ff300000, 0x00000000ff400000|  0%| F|  |TAMS 0x00000000ff300000, 0x00000000ff300000| Untracked 
|  52|0x00000000ff400000, 0x00000000ff4ac820, 0x00000000ff500000| 67%| E|  |TAMS 0x00000000ff400000, 0x00000000ff400000| Complete 
|  53|0x00000000ff500000, 0x00000000ff600000, 0x00000000ff600000|100%| E|CS|TAMS 0x00000000ff500000, 0x00000000ff500000| Complete 
|  54|0x00000000ff600000, 0x00000000ff700000, 0x00000000ff700000|100%| E|CS|TAMS 0x00000000ff600000, 0x00000000ff600000| Complete 
|  55|0x00000000ff700000, 0x00000000ff800000, 0x00000000ff800000|100%| E|CS|TAMS 0x00000000ff700000, 0x00000000ff700000| Complete 
|  56|0x00000000ff800000, 0x00000000ff900000, 0x00000000ff900000|100%| E|CS|TAMS 0x00000000ff800000, 0x00000000ff800000| Complete 
|  57|0x00000000ff900000, 0x00000000ffa00000, 0x00000000ffa00000|100%| E|CS|TAMS 0x00000000ff900000, 0x00000000ff900000| Complete 
|  58|0x00000000ffa00000, 0x00000000ffb00000, 0x00000000ffb00000|100%| E|CS|TAMS 0x00000000ffa00000, 0x00000000ffa00000| Complete 
|  59|0x00000000ffb00000, 0x00000000ffc00000, 0x00000000ffc00000|100%| E|CS|TAMS 0x00000000ffb00000, 0x00000000ffb00000| Complete 
|  60|0x00000000ffc00000, 0x00000000ffd00000, 0x00000000ffd00000|100%| E|CS|TAMS 0x00000000ffc00000, 0x00000000ffc00000| Complete 
|  61|0x00000000ffd00000, 0x00000000ffe00000, 0x00000000ffe00000|100%| E|CS|TAMS 0x00000000ffd00000, 0x00000000ffd00000| Complete 
|  62|0x00000000ffe00000, 0x00000000fff00000, 0x00000000fff00000|100%| E|CS|TAMS 0x00000000ffe00000, 0x00000000ffe00000| Complete 
|  63|0x00000000fff00000, 0x0000000100000000, 0x0000000100000000|100%| E|CS|TAMS 0x00000000fff00000, 0x00000000fff00000| Complete 

Card table byte_map: [0x0000023c10e90000,0x0000023c10eb0000] _byte_map_base: 0x0000023c106b0000

Marking Bits (Prev, Next): (CMBitMap*) 0x0000023c10fad1b0, (CMBitMap*) 0x0000023c10fad1f0
 Prev Bits: [0x0000023c28000000, 0x0000023c28100000)
 Next Bits: [0x0000023c28100000, 0x0000023c28200000)

Polling page: 0x0000023c0ee60000

Metaspace:

Usage:
  Non-class:      4.63 MB used.
      Class:    733.91 KB used.
       Both:      5.35 MB used.

Virtual space:
  Non-class space:       64.00 MB reserved,       4.69 MB (  7%) committed,  1 nodes.
      Class space:        1.00 GB reserved,     832.00 KB ( <1%) committed,  1 nodes.
             Both:        1.06 GB reserved,       5.50 MB ( <1%) committed. 

Chunk freelists:
   Non-Class:  9.48 MB
       Class:  15.20 MB
        Both:  24.69 MB

MaxMetaspaceSize: unlimited
CompressedClassSpaceSize: 1.00 GB
Initial GC threshold: 21.00 MB
Current GC threshold: 21.00 MB
CDS: on
MetaspaceReclaimPolicy: balanced
 - commit_granule_bytes: 65536.
 - commit_granule_words: 8192.
 - virtual_space_node_default_size: 8388608.
 - enlarge_chunks_in_place: 1.
 - new_chunks_are_fully_committed: 0.
 - uncommit_free_chunks: 1.
 - use_allocation_guard: 0.
 - handle_deallocations: 1.


Internal statistics:

num_allocs_failed_limit: 0.
num_arena_births: 60.
num_arena_deaths: 0.
num_vsnodes_births: 2.
num_vsnodes_deaths: 0.
num_space_committed: 88.
num_space_uncommitted: 0.
num_chunks_returned_to_freelist: 0.
num_chunks_taken_from_freelist: 200.
num_chunk_merges: 0.
num_chunk_splits: 144.
num_chunks_enlarged: 120.
num_inconsistent_stats: 0.

CodeHeap 'non-profiled nmethods': size=120000Kb used=503Kb max_used=503Kb free=119496Kb
 bounds [0x0000023c20580000, 0x0000023c207f0000, 0x0000023c27ab0000]
CodeHeap 'profiled nmethods': size=120000Kb used=1942Kb max_used=1942Kb free=118057Kb
 bounds [0x0000023c18ab0000, 0x0000023c18d20000, 0x0000023c1ffe0000]
CodeHeap 'non-nmethods': size=5760Kb used=1142Kb max_used=1177Kb free=4617Kb
 bounds [0x0000023c1ffe0000, 0x0000023c20250000, 0x0000023c20580000]
 total_blobs=1459 nmethods=1029 adapters=343
 compilation: enabled
              stopped_count=0, restarted_count=0
 full_count=0

Compilation events (20 events):
Event: 1.572 Thread 0x0000023c2ade2490 nmethod 1014 0x0000023c18c94010 code [0x0000023c18c941c0, 0x0000023c18c944e8]
Event: 1.572 Thread 0x0000023c2ade2490 1020       3       java.lang.Class::cast (27 bytes)
Event: 1.573 Thread 0x0000023c2ade2490 nmethod 1020 0x0000023c18c94610 code [0x0000023c18c947c0, 0x0000023c18c94a78]
Event: 1.573 Thread 0x0000023c2ade2490 1021       3       sun.invoke.util.Wrapper::forBasicType (16 bytes)
Event: 1.573 Thread 0x0000023c2ade2490 nmethod 1021 0x0000023c18c94b90 code [0x0000023c18c94d40, 0x0000023c18c94ee8]
Event: 1.577 Thread 0x0000023c70240b40 1022       4       jdk.internal.misc.Unsafe::allocateUninitializedArray0 (90 bytes)
Event: 1.577 Thread 0x0000023c2ade2490 1023       2       jdk.internal.misc.Unsafe::allocateUninitializedArray (55 bytes)
Event: 1.577 Thread 0x0000023c2ade2490 nmethod 1023 0x0000023c18c94f90 code [0x0000023c18c95160, 0x0000023c18c954d8]
Event: 1.579 Thread 0x0000023c70240b40 nmethod 1022 0x0000023c205fc110 code [0x0000023c205fc2a0, 0x0000023c205fc478]
Event: 1.580 Thread 0x0000023c2ade2490 1024       1       java.lang.invoke.DirectMethodHandle::internalMemberName (5 bytes)
Event: 1.580 Thread 0x0000023c2ade2490 nmethod 1024 0x0000023c205fc590 code [0x0000023c205fc720, 0x0000023c205fc7f8]
Event: 1.584 Thread 0x0000023c2ade2490 1025       1       java.lang.ClassLoader::getUnnamedModule (5 bytes)
Event: 1.584 Thread 0x0000023c2ade2490 nmethod 1025 0x0000023c205fc890 code [0x0000023c205fca20, 0x0000023c205fcaf8]
Event: 1.586 Thread 0x0000023c2ade2490 1026       3       java.lang.StringBuilder::append (8 bytes)
Event: 1.587 Thread 0x0000023c2ade2490 nmethod 1026 0x0000023c18c95690 code [0x0000023c18c95820, 0x0000023c18c95968]
Event: 1.587 Thread 0x0000023c2ade2490 1027       1       java.util.Collections$EmptyMap::get (2 bytes)
Event: 1.587 Thread 0x0000023c2ade2490 nmethod 1027 0x0000023c205fcb90 code [0x0000023c205fcd20, 0x0000023c205fcdf8]
Event: 1.588 Thread 0x0000023c705f8340 1028       4       java.lang.StringLatin1::indexOf (121 bytes)
Event: 1.593 Thread 0x0000023c2ade19e0 1029 %     4       sun.net.www.ParseUtil::firstEncodeIndex @ 7 (86 bytes)
Event: 1.599 Thread 0x0000023c2ade19e0 nmethod 1029% 0x0000023c205fce90 code [0x0000023c205fd020, 0x0000023c205fd2a8]

GC Heap History (2 events):
Event: 1.120 GC heap before
{Heap before GC invocations=0 (full 0):
 garbage-first heap   total 65536K, used 26624K [0x00000000fc000000, 0x0000000100000000)
  region size 1024K, 23 young (23552K), 0 survivors (0K)
 Metaspace       used 2627K, committed 2816K, reserved 1114112K
  class space    used 276K, committed 384K, reserved 1048576K
}
Event: 1.134 GC heap after
{Heap after GC invocations=1 (full 0):
 garbage-first heap   total 65536K, used 10800K [0x00000000fc000000, 0x0000000100000000)
  region size 1024K, 3 young (3072K), 3 survivors (3072K)
 Metaspace       used 2627K, committed 2816K, reserved 1114112K
  class space    used 276K, committed 384K, reserved 1048576K
}

Dll operation events (9 events):
Event: 0.015 Loaded shared library C:\Program Files\Microsoft\jdk-17.0.12.7-hotspot\bin\java.dll
Event: 0.065 Loaded shared library C:\Program Files\Microsoft\jdk-17.0.12.7-hotspot\bin\jsvml.dll
Event: 0.124 Loaded shared library C:\Program Files\Microsoft\jdk-17.0.12.7-hotspot\bin\net.dll
Event: 0.126 Loaded shared library C:\Program Files\Microsoft\jdk-17.0.12.7-hotspot\bin\nio.dll
Event: 0.131 Loaded shared library C:\Program Files\Microsoft\jdk-17.0.12.7-hotspot\bin\zip.dll
Event: 0.136 Loaded shared library C:\Program Files\Microsoft\jdk-17.0.12.7-hotspot\bin\verify.dll
Event: 0.810 Loaded shared library C:\Program Files\Microsoft\jdk-17.0.12.7-hotspot\bin\jimage.dll
Event: 1.400 Loaded shared library C:\Users\ANDALOS\.gradle\native\c067742578af261105cb4f569cf0c3c89f3d7b1fecec35dd04571415982c5e48\windows-amd64\native-platform.dll
Event: 1.433 Loaded shared library C:\Users\ANDALOS\.gradle\native\jansi\1.18\windows64\jansi.dll

Deoptimization events (20 events):
Event: 1.429 Thread 0x0000023c10f8a1f0 DEOPT PACKING pc=0x0000023c205a2040 sp=0x00000094623fc0f0
Event: 1.429 Thread 0x0000023c10f8a1f0 DEOPT UNPACKING pc=0x0000023c200369a3 sp=0x00000094623fc090 mode 2
Event: 1.563 Thread 0x0000023c10f8a1f0 Uncommon trap: trap_request=0xffffffde fr.pc=0x0000023c205f7c48 relative=0x0000000000000128
Event: 1.563 Thread 0x0000023c10f8a1f0 Uncommon trap: reason=class_check action=maybe_recompile pc=0x0000023c205f7c48 method=jdk.internal.misc.Unsafe.allocateUninitializedArray(Ljava/lang/Class;I)Ljava/lang/Object; @ 51 c2
Event: 1.563 Thread 0x0000023c10f8a1f0 DEOPT PACKING pc=0x0000023c205f7c48 sp=0x00000094623fc060
Event: 1.563 Thread 0x0000023c10f8a1f0 DEOPT UNPACKING pc=0x0000023c200369a3 sp=0x00000094623fbfe8 mode 2
Event: 1.564 Thread 0x0000023c10f8a1f0 Uncommon trap: trap_request=0xffffffde fr.pc=0x0000023c205f7c48 relative=0x0000000000000128
Event: 1.564 Thread 0x0000023c10f8a1f0 Uncommon trap: reason=class_check action=maybe_recompile pc=0x0000023c205f7c48 method=jdk.internal.misc.Unsafe.allocateUninitializedArray(Ljava/lang/Class;I)Ljava/lang/Object; @ 51 c2
Event: 1.564 Thread 0x0000023c10f8a1f0 DEOPT PACKING pc=0x0000023c205f7c48 sp=0x00000094623fc140
Event: 1.564 Thread 0x0000023c10f8a1f0 DEOPT UNPACKING pc=0x0000023c200369a3 sp=0x00000094623fc0c8 mode 2
Event: 1.564 Thread 0x0000023c10f8a1f0 Uncommon trap: trap_request=0xffffffde fr.pc=0x0000023c205f7c48 relative=0x0000000000000128
Event: 1.564 Thread 0x0000023c10f8a1f0 Uncommon trap: reason=class_check action=maybe_recompile pc=0x0000023c205f7c48 method=jdk.internal.misc.Unsafe.allocateUninitializedArray(Ljava/lang/Class;I)Ljava/lang/Object; @ 51 c2
Event: 1.564 Thread 0x0000023c10f8a1f0 DEOPT PACKING pc=0x0000023c205f7c48 sp=0x00000094623fc140
Event: 1.564 Thread 0x0000023c10f8a1f0 DEOPT UNPACKING pc=0x0000023c200369a3 sp=0x00000094623fc0c8 mode 2
Event: 1.564 Thread 0x0000023c10f8a1f0 Uncommon trap: trap_request=0xffffffde fr.pc=0x0000023c205f7c48 relative=0x0000000000000128
Event: 1.565 Thread 0x0000023c10f8a1f0 Uncommon trap: reason=class_check action=maybe_recompile pc=0x0000023c205f7c48 method=jdk.internal.misc.Unsafe.allocateUninitializedArray(Ljava/lang/Class;I)Ljava/lang/Object; @ 51 c2
Event: 1.565 Thread 0x0000023c10f8a1f0 DEOPT PACKING pc=0x0000023c205f7c48 sp=0x00000094623fc140
Event: 1.565 Thread 0x0000023c10f8a1f0 DEOPT UNPACKING pc=0x0000023c200369a3 sp=0x00000094623fc0c8 mode 2
Event: 1.588 Thread 0x0000023c714ff410 DEOPT PACKING pc=0x0000023c18b61765 sp=0x0000009463cfd400
Event: 1.588 Thread 0x0000023c714ff410 DEOPT UNPACKING pc=0x0000023c20037143 sp=0x0000009463cfc850 mode 0

Classes loaded (20 events):
Event: 1.493 Loading class sun/reflect/annotation/AnnotationParser$1
Event: 1.493 Loading class sun/reflect/annotation/AnnotationParser$1 done
Event: 1.493 Loading class sun/reflect/annotation/AnnotationInvocationHandler
Event: 1.494 Loading class sun/reflect/annotation/AnnotationInvocationHandler done
Event: 1.511 Loading class sun/reflect/generics/scope/MethodScope
Event: 1.511 Loading class sun/reflect/generics/scope/MethodScope done
Event: 1.511 Loading class sun/reflect/generics/repository/MethodRepository
Event: 1.511 Loading class sun/reflect/generics/repository/ConstructorRepository
Event: 1.512 Loading class sun/reflect/generics/repository/ConstructorRepository done
Event: 1.512 Loading class sun/reflect/generics/repository/MethodRepository done
Event: 1.512 Loading class sun/reflect/generics/tree/MethodTypeSignature
Event: 1.512 Loading class sun/reflect/generics/tree/MethodTypeSignature done
Event: 1.546 Loading class java/util/concurrent/atomic/AtomicBoolean
Event: 1.546 Loading class java/util/concurrent/atomic/AtomicBoolean done
Event: 1.576 Loading class java/io/FileNotFoundException
Event: 1.576 Loading class java/io/FileNotFoundException done
Event: 1.591 Loading class java/lang/InheritableThreadLocal
Event: 1.591 Loading class java/lang/InheritableThreadLocal done
Event: 1.592 Loading class java/util/concurrent/CopyOnWriteArraySet
Event: 1.592 Loading class java/util/concurrent/CopyOnWriteArraySet done

Classes unloaded (0 events):
No events

Classes redefined (0 events):
No events

Internal exceptions (10 events):
Event: 0.285 Thread 0x0000023c10f8a1f0 Exception <a 'java/lang/NoSuchMethodError'{0x00000000ffc57c88}: 'int java.lang.invoke.DirectMethodHandle$Holder.invokeStaticInit(java.lang.Object, java.lang.Object)'> (0x00000000ffc57c88) 
thrown [s\src\hotspot\share\interpreter\linkResolver.cpp, line 759]
Event: 1.305 Thread 0x0000023c10f8a1f0 Exception <a 'java/lang/NoSuchMethodError'{0x00000000ffcb4778}: 'void java.lang.invoke.DirectMethodHandle$Holder.invokeStatic(java.lang.Object, java.lang.Object)'> (0x00000000ffcb4778) 
thrown [s\src\hotspot\share\interpreter\linkResolver.cpp, line 759]
Event: 1.333 Thread 0x0000023c10f8a1f0 Exception <a 'java/lang/NoClassDefFoundError'{0x00000000ffb4a4a0}: org/slf4j/impl/StaticMarkerBinder> (0x00000000ffb4a4a0) 
thrown [s\src\hotspot\share\classfile\systemDictionary.cpp, line 245]
Event: 1.352 Thread 0x0000023c10f8a1f0 Exception <a 'java/lang/NoSuchMethodError'{0x00000000ffbbbd70}: 'java.lang.Object java.lang.invoke.DirectMethodHandle$Holder.invokeVirtual(java.lang.Object, java.lang.Object, java.lang.Object)'> (0x00000000ffbbbd70) 
thrown [s\src\hotspot\share\interpreter\linkResolver.cpp, line 759]
Event: 1.364 Thread 0x0000023c10f8a1f0 Exception <a 'java/lang/NoSuchMethodError'{0x00000000ffa03540}: 'java.lang.Object java.lang.invoke.DirectMethodHandle$Holder.invokeVirtual(java.lang.Object, java.lang.Object, java.lang.Object, java.lang.Object, java.lang.Object, java.lang.Object, java.lang.Object)'> (0x00000000ffa03540) 
thrown [s\src\hotspot\share\interpreter\linkResolver.cpp, line 759]
Event: 1.369 Thread 0x0000023c10f8a1f0 Exception <a 'java/lang/NoSuchMethodError'{0x00000000ffa14e10}: 'java.lang.Object java.lang.invoke.Invokers$Holder.invoker(java.lang.Object, java.lang.Object, java.lang.Object)'> (0x00000000ffa14e10) 
thrown [s\src\hotspot\share\interpreter\linkResolver.cpp, line 759]
Event: 1.372 Thread 0x0000023c10f8a1f0 Exception <a 'java/lang/NoSuchMethodError'{0x00000000ffa1dd00}: 'java.lang.Object java.lang.invoke.DirectMethodHandle$Holder.invokeStatic(java.lang.Object, java.lang.Object, int)'> (0x00000000ffa1dd00) 
thrown [s\src\hotspot\share\interpreter\linkResolver.cpp, line 759]
Event: 1.375 Thread 0x0000023c10f8a1f0 Exception <a 'java/lang/NoSuchMethodError'{0x00000000ffa299f0}: 'void java.lang.invoke.DelegatingMethodHandle$Holder.delegate(java.lang.Object, java.lang.Object, int, java.lang.Object)'> (0x00000000ffa299f0) 
thrown [s\src\hotspot\share\interpreter\linkResolver.cpp, line 759]
Event: 1.375 Thread 0x0000023c10f8a1f0 Exception <a 'java/lang/NoSuchMethodError'{0x00000000ffa2db38}: 'int java.lang.invoke.DirectMethodHandle$Holder.invokeSpecial(java.lang.Object, java.lang.Object, java.lang.Object)'> (0x00000000ffa2db38) 
thrown [s\src\hotspot\share\interpreter\linkResolver.cpp, line 759]
Event: 1.380 Thread 0x0000023c10f8a1f0 Exception <a 'java/lang/NoSuchMethodError'{0x00000000ffa40c80}: 'java.lang.Object java.lang.invoke.Invokers$Holder.invokeExact_MT(java.lang.Object, java.lang.Object, java.lang.Object, java.lang.Object)'> (0x00000000ffa40c80) 
thrown [s\src\hotspot\share\interpreter\linkResolver.cpp, line 759]

VM Operations (16 events):
Event: 0.132 Executing VM operation: HandshakeAllThreads
Event: 0.132 Executing VM operation: HandshakeAllThreads done
Event: 1.114 Executing VM operation: HandshakeAllThreads
Event: 1.114 Executing VM operation: HandshakeAllThreads done
Event: 1.114 Executing VM operation: Cleanup
Event: 1.114 Executing VM operation: Cleanup done
Event: 1.120 Executing VM operation: G1CollectForAllocation
Event: 1.134 Executing VM operation: G1CollectForAllocation done
Event: 1.328 Executing VM operation: HandshakeAllThreads
Event: 1.328 Executing VM operation: HandshakeAllThreads done
Event: 1.329 Executing VM operation: HandshakeAllThreads
Event: 1.329 Executing VM operation: HandshakeAllThreads done
Event: 1.371 Executing VM operation: HandshakeAllThreads
Event: 1.371 Executing VM operation: HandshakeAllThreads done
Event: 1.592 Executing VM operation: HandshakeAllThreads
Event: 1.592 Executing VM operation: HandshakeAllThreads done

Events (15 events):
Event: 0.065 Thread 0x0000023c10f8a1f0 Thread added: 0x0000023c10f8a1f0
Event: 0.069 Thread 0x0000023c2adc2b10 Thread added: 0x0000023c2adc2b10
Event: 0.069 Thread 0x0000023c2adc3990 Thread added: 0x0000023c2adc3990
Event: 0.085 Thread 0x0000023c2add0670 Thread added: 0x0000023c2add0670
Event: 0.085 Thread 0x0000023c2add2040 Thread added: 0x0000023c2add2040
Event: 0.085 Thread 0x0000023c2add2a00 Thread added: 0x0000023c2add2a00
Event: 0.086 Thread 0x0000023c2addd3e0 Thread added: 0x0000023c2addd3e0
Event: 0.086 Thread 0x0000023c2ade19e0 Thread added: 0x0000023c2ade19e0
Event: 0.086 Thread 0x0000023c2ade2490 Thread added: 0x0000023c2ade2490
Event: 0.086 Thread 0x0000023c2adf5a60 Thread added: 0x0000023c2adf5a60
Event: 0.114 Thread 0x0000023c700711d0 Thread added: 0x0000023c700711d0
Event: 0.118 Thread 0x0000023c70078340 Thread added: 0x0000023c70078340
Event: 0.616 Thread 0x0000023c70240b40 Thread added: 0x0000023c70240b40
Event: 0.862 Thread 0x0000023c705f8340 Thread added: 0x0000023c705f8340
Event: 1.468 Thread 0x0000023c714ff410 Thread added: 0x0000023c714ff410


Dynamic libraries:
0x00007ff720670000 - 0x00007ff72067e000 	C:\Program Files\Microsoft\jdk-17.0.12.7-hotspot\bin\java.exe
0x00007fff5b530000 - 0x00007fff5b747000 	C:\WINDOWS\SYSTEM32\ntdll.dll
0x00007fff59a00000 - 0x00007fff59ac4000 	C:\WINDOWS\System32\KERNEL32.DLL
0x00007fff58b50000 - 0x00007fff58f07000 	C:\WINDOWS\System32\KERNELBASE.dll
0x00007fff58960000 - 0x00007fff58a71000 	C:\WINDOWS\System32\ucrtbase.dll
0x00007fff18030000 - 0x00007fff1804d000 	C:\Program Files\Microsoft\jdk-17.0.12.7-hotspot\bin\VCRUNTIME140.dll
0x00007fff18050000 - 0x00007fff18067000 	C:\Program Files\Microsoft\jdk-17.0.12.7-hotspot\bin\jli.dll
0x00007fff5ae70000 - 0x00007fff5b01f000 	C:\WINDOWS\System32\USER32.dll
0x00007fff38000000 - 0x00007fff38293000 	C:\WINDOWS\WinSxS\amd64_microsoft.windows.common-controls_6595b64144ccf1df_6.0.22621.3672_none_2713b9d173822955\COMCTL32.dll
0x00007fff59000000 - 0x00007fff59026000 	C:\WINDOWS\System32\win32u.dll
0x00007fff59890000 - 0x00007fff59937000 	C:\WINDOWS\System32\msvcrt.dll
0x00007fff59940000 - 0x00007fff59969000 	C:\WINDOWS\System32\GDI32.dll
0x00007fff58840000 - 0x00007fff58958000 	C:\WINDOWS\System32\gdi32full.dll
0x00007fff58ab0000 - 0x00007fff58b4a000 	C:\WINDOWS\System32\msvcp_win.dll
0x00007fff59d40000 - 0x00007fff59d71000 	C:\WINDOWS\System32\IMM32.DLL
0x00007fff542a0000 - 0x00007fff542ac000 	C:\Program Files\Microsoft\jdk-17.0.12.7-hotspot\bin\vcruntime140_1.dll
0x00007fff045b0000 - 0x00007fff0463d000 	C:\Program Files\Microsoft\jdk-17.0.12.7-hotspot\bin\msvcp140.dll
0x00007ffead880000 - 0x00007ffeae4f0000 	C:\Program Files\Microsoft\jdk-17.0.12.7-hotspot\bin\server\jvm.dll
0x00007fff59430000 - 0x00007fff594e2000 	C:\WINDOWS\System32\ADVAPI32.dll
0x00007fff5b440000 - 0x00007fff5b4e8000 	C:\WINDOWS\System32\sechost.dll
0x00007fff58a80000 - 0x00007fff58aa8000 	C:\WINDOWS\System32\bcrypt.dll
0x00007fff5abd0000 - 0x00007fff5ace4000 	C:\WINDOWS\System32\RPCRT4.dll
0x00007fff5adf0000 - 0x00007fff5ae61000 	C:\WINDOWS\System32\WS2_32.dll
0x00007fff576f0000 - 0x00007fff5773d000 	C:\WINDOWS\SYSTEM32\POWRPROF.dll
0x00007fff51770000 - 0x00007fff517a4000 	C:\WINDOWS\SYSTEM32\WINMM.dll
0x00007fff51080000 - 0x00007fff5108a000 	C:\WINDOWS\SYSTEM32\VERSION.dll
0x00007fff576d0000 - 0x00007fff576e3000 	C:\WINDOWS\SYSTEM32\UMPDC.dll
0x00007fff57980000 - 0x00007fff57998000 	C:\WINDOWS\SYSTEM32\kernel.appcore.dll
0x00007fff54250000 - 0x00007fff5425a000 	C:\Program Files\Microsoft\jdk-17.0.12.7-hotspot\bin\jimage.dll
0x00007fff56280000 - 0x00007fff564b2000 	C:\WINDOWS\SYSTEM32\DBGHELP.DLL
0x00007fff5b020000 - 0x00007fff5b3ae000 	C:\WINDOWS\System32\combase.dll
0x00007fff59600000 - 0x00007fff596d7000 	C:\WINDOWS\System32\OLEAUT32.dll
0x00007fff50710000 - 0x00007fff50742000 	C:\WINDOWS\SYSTEM32\dbgcore.DLL
0x00007fff58f10000 - 0x00007fff58f8b000 	C:\WINDOWS\System32\bcryptPrimitives.dll
0x00007fff2ee70000 - 0x00007fff2ee95000 	C:\Program Files\Microsoft\jdk-17.0.12.7-hotspot\bin\java.dll
0x00007ffef7de0000 - 0x00007ffef7eb7000 	C:\Program Files\Microsoft\jdk-17.0.12.7-hotspot\bin\jsvml.dll
0x00007fff59d80000 - 0x00007fff5a5e9000 	C:\WINDOWS\System32\SHELL32.dll
0x00007fff567c0000 - 0x00007fff570bf000 	C:\WINDOWS\SYSTEM32\windows.storage.dll
0x00007fff56680000 - 0x00007fff567bf000 	C:\WINDOWS\SYSTEM32\wintypes.dll
0x00007fff5acf0000 - 0x00007fff5ade9000 	C:\WINDOWS\System32\SHCORE.dll
0x00007fff593d0000 - 0x00007fff5942e000 	C:\WINDOWS\System32\shlwapi.dll
0x00007fff58770000 - 0x00007fff58797000 	C:\WINDOWS\SYSTEM32\profapi.dll
0x00007fff265b0000 - 0x00007fff265ca000 	C:\Program Files\Microsoft\jdk-17.0.12.7-hotspot\bin\net.dll
0x00007fff52cd0000 - 0x00007fff52e06000 	C:\WINDOWS\SYSTEM32\WINHTTP.dll
0x00007fff57df0000 - 0x00007fff57e59000 	C:\WINDOWS\system32\mswsock.dll
0x00007fff18080000 - 0x00007fff18096000 	C:\Program Files\Microsoft\jdk-17.0.12.7-hotspot\bin\nio.dll
0x00007fff13550000 - 0x00007fff13568000 	C:\Program Files\Microsoft\jdk-17.0.12.7-hotspot\bin\zip.dll
0x00007fff29f30000 - 0x00007fff29f40000 	C:\Program Files\Microsoft\jdk-17.0.12.7-hotspot\bin\verify.dll
0x00007fff05660000 - 0x00007fff05687000 	C:\Users\ANDALOS\.gradle\native\c067742578af261105cb4f569cf0c3c89f3d7b1fecec35dd04571415982c5e48\windows-amd64\native-platform.dll
0x00007fff4fcf0000 - 0x00007fff4fcfa000 	C:\Users\ANDALOS\.gradle\native\jansi\1.18\windows64\jansi.dll

dbghelp: loaded successfully - version: 4.0.5 - missing functions: none
symbol engine: initialized successfully - sym options: 0x614 - pdb path: .;C:\Program Files\Microsoft\jdk-17.0.12.7-hotspot\bin;C:\WINDOWS\SYSTEM32;C:\WINDOWS\WinSxS\amd64_microsoft.windows.common-controls_6595b64144ccf1df_6.0.22621.3672_none_2713b9d173822955;C:\Program Files\Microsoft\jdk-17.0.12.7-hotspot\bin\server;C:\Users\ANDALOS\.gradle\native\c067742578af261105cb4f569cf0c3c89f3d7b1fecec35dd04571415982c5e48\windows-amd64;C:\Users\ANDALOS\.gradle\native\jansi\1.18\windows64

VM Arguments:
jvm_args: -Xmx64m -Xms64m -Dorg.gradle.appname=gradlew 
java_command: org.gradle.wrapper.GradleWrapperMain app:installDebug -PreactNativeDevServerPort=8081
java_class_path (initial): C:\Users\ANDALOS\championsApp\android\\gradle\wrapper\gradle-wrapper.jar
Launcher Type: SUN_STANDARD

[Global flags]
     intx CICompilerCount                          = 4                                         {product} {ergonomic}
     uint ConcGCThreads                            = 3                                         {product} {ergonomic}
     uint G1ConcRefinementThreads                  = 10                                        {product} {ergonomic}
   size_t G1HeapRegionSize                         = 1048576                                   {product} {ergonomic}
    uintx GCDrainStackTargetSize                   = 64                                        {product} {ergonomic}
   size_t InitialHeapSize                          = 67108864                                  {product} {command line}
   size_t MarkStackSize                            = 4194304                                   {product} {ergonomic}
   size_t MaxHeapSize                              = 67108864                                  {product} {command line}
   size_t MaxNewSize                               = 39845888                                  {product} {ergonomic}
   size_t MinHeapDeltaBytes                        = 1048576                                   {product} {ergonomic}
   size_t MinHeapSize                              = 67108864                                  {product} {command line}
    uintx NonNMethodCodeHeapSize                   = 5839372                                {pd product} {ergonomic}
    uintx NonProfiledCodeHeapSize                  = 122909434                              {pd product} {ergonomic}
    uintx ProfiledCodeHeapSize                     = 122909434                              {pd product} {ergonomic}
    uintx ReservedCodeCacheSize                    = 251658240                              {pd product} {ergonomic}
     bool SegmentedCodeCache                       = true                                      {product} {ergonomic}
   size_t SoftMaxHeapSize                          = 67108864                               {manageable} {ergonomic}
     bool UseCompressedClassPointers               = true                           {product lp64_product} {ergonomic}
     bool UseCompressedOops                        = true                           {product lp64_product} {ergonomic}
     bool UseG1GC                                  = true                                      {product} {ergonomic}
     bool UseLargePagesIndividualAllocation        = false                                  {pd product} {ergonomic}

Logging:
Log output configuration:
 #0: stdout all=warning uptime,level,tags
 #1: stderr all=off uptime,level,tags

Environment Variables:
JAVA_HOME=C:\Program Files\Microsoft\jdk-17.0.12.7-hotspot\
CLASSPATH=C:\Users\ANDALOS\championsApp\android\\gradle\wrapper\gradle-wrapper.jar
PATH=C:\Users\ANDALOS\championsApp\node_modules\.bin;C:\Users\ANDALOS\championsApp\node_modules\.bin;C:\Users\ANDALOS\node_modules\.bin;C:\Users\node_modules\.bin;C:\node_modules\.bin;D:\node_modules\npm\node_modules\@npmcli\run-script\lib\node-gyp-bin;C:\Program Files\Microsoft\jdk-17.0.12.7-hotspot\bin;C:\oraclexe\app\oracle\product\11.2.0\server\bin;C:\Windows\system32;C:\Windows;C:\Windows\System32\Wbem;C:\Windows\System32\WindowsPowerShell\v1.0\;C:\Windows\System32\OpenSSH\;C:\Program Files (x86)\NVIDIA Corporation\PhysX\Common;C:\Program Files\dotnet\;C:\WINDOWS\system32;C:\WINDOWS;C:\WINDOWS\System32\Wbem;C:\WINDOWS\System32\WindowsPowerShell\v1.0\;C:\WINDOWS\System32\OpenSSH\;C:\Program Files\Docker\Docker\resources\bin;C:\Program Files\Git\cmd;C:\Program Files\NVIDIA Corporation\NVIDIA NvDLISR;C:\ProgramData\chocolatey\bin;D:\;C:\Program Files\Microsoft\jdk-17.0.12.7-hotspot\\bin;%LOCALAPPDATA%\Android\Sdk\platform-tools;C:\Users\ANDALOS\AppData\Local\Programs\Python\Python310\Scripts\;C:\Users\ANDALOS\AppData\Local\Programs\Python\Python310\;C:\Users\ANDALOS\AppData\Local\Microsoft\WindowsApps;C:\Users\ANDALOS\Desktop\sim 2\Microsoft VS Code\bin;C:\Users\ANDALOS\.dotnet\tools;C:\Users\ANDALOS\Downloads\flutter_windows_3.10.0-stable\flutter\bin;C:\Users\ANDALOS\AppData\Roaming\npm
USERNAME=ANDALOS
LANG=en_US.UTF-8
OS=Windows_NT
PROCESSOR_IDENTIFIER=Intel64 Family 6 Model 165 Stepping 2, GenuineIntel
TMP=C:\Users\ANDALOS\AppData\Local\Temp
TEMP=C:\Users\ANDALOS\AppData\Local\Temp



Periodic native trim disabled


---------------  S Y S T E M  ---------------

OS:
 Windows 11 , 64 bit Build 22621 (10.0.22621.3958)
OS uptime: 3 days 1:34 hours

CPU: total 12 (initial active 12) (6 cores per cpu, 2 threads per core) family 6 model 165 stepping 2 microcode 0xea, cx8, cmov, fxsr, ht, mmx, 3dnowpref, sse, sse2, sse3, ssse3, sse4.1, sse4.2, popcnt, lzcnt, tsc, tscinvbit, avx, avx2, aes, erms, clmul, bmi1, bmi2, adx, fma, vzeroupper, clflush, clflushopt
Processor Information for the first 12 processors :
  Max Mhz: 2592, Current Mhz: 2592, Mhz Limit: 2592

Memory: 4k page, system-wide physical 16251M (2058M free)
TotalPageFile size 25472M (AvailPageFile size 4M)
current process WorkingSet (physical memory assigned to process): 93M, peak: 93M
current process commit charge ("private bytes"): 172M, peak: 172M

vm_info: OpenJDK 64-Bit Server VM (17.0.12+7-LTS) for windows-amd64 JRE (17.0.12+7-LTS), built on Jul 16 2024 18:11:44 by "MicrosoftCorporation" with unknown MS VC++:1939

END.
